TN:
SF:src/components/ui/alert-dialog/AlertDialog.vue
FNF:1
FNH:0
DA:1,58
DA:2,167
DA:4,64
DA:7,34
DA:8,24
DA:9,12
DA:10,45
DA:11,52
DA:12,51
DA:13,4
DA:14,24
DA:15,0
DA:16,0
DA:17,0
DA:18,0
DA:19,0
DA:20,0
DA:21,0
DA:22,0
DA:23,0
DA:24,0
DA:25,0
DA:26,0
DA:27,0
DA:28,1
DA:32,2
LF:26
LH:13
end_of_record
TN:
SF:src/components/ui/alert-dialog/AlertDialogAction.vue
FNF:1
FNH:0
DA:1,58
DA:2,167
DA:5,44
DA:6,44
DA:7,33
DA:8,56
DA:11,34
DA:12,30
DA:13,12
DA:14,48
DA:15,40
DA:16,91
DA:17,3
DA:18,0
DA:19,0
DA:20,0
DA:21,0
DA:22,0
DA:23,0
DA:24,0
DA:25,0
DA:26,0
DA:27,0
DA:28,0
DA:29,0
DA:30,0
DA:31,0
DA:32,1
DA:36,2
LF:29
LH:15
end_of_record
TN:
SF:src/components/ui/alert-dialog/AlertDialogCancel.vue
FNF:1
FNH:0
DA:1,58
DA:2,167
DA:5,44
DA:6,44
DA:7,33
DA:8,56
DA:11,34
DA:12,30
DA:13,12
DA:14,48
DA:15,40
DA:16,91
DA:17,3
DA:18,0
DA:19,0
DA:20,0
DA:21,0
DA:22,0
DA:23,0
DA:24,0
DA:25,0
DA:26,0
DA:27,0
DA:28,0
DA:29,0
DA:30,0
DA:31,0
DA:32,0
DA:33,0
DA:34,0
DA:35,0
DA:36,1
DA:40,2
LF:33
LH:15
end_of_record
TN:
SF:src/components/ui/alert-dialog/AlertDialogContent.vue
FNF:1
FNH:0
DA:1,58
DA:2,196
DA:5,44
DA:6,109
DA:14,33
DA:17,34
DA:18,31
DA:19,12
DA:20,51
DA:21,68
DA:22,48
DA:23,40
DA:24,91
DA:25,4
DA:26,118
DA:27,0
DA:28,0
DA:29,0
DA:30,0
DA:31,0
DA:32,0
DA:33,0
DA:34,0
DA:35,0
DA:36,0
DA:37,0
DA:38,0
DA:39,0
DA:40,0
DA:41,0
DA:42,0
DA:43,0
DA:44,0
DA:45,0
DA:46,0
DA:47,0
DA:48,0
DA:49,0
DA:50,0
DA:51,0
DA:52,0
DA:53,0
DA:54,0
DA:55,0
DA:56,0
DA:57,0
DA:58,1
DA:62,2
LF:48
LH:17
end_of_record
TN:
SF:src/components/ui/alert-dialog/AlertDialogDescription.vue
FNF:1
FNH:0
DA:1,58
DA:2,167
DA:5,44
DA:6,49
DA:10,33
DA:13,34
DA:14,35
DA:15,12
DA:16,48
DA:17,40
DA:18,91
DA:19,3
DA:20,0
DA:21,0
DA:22,0
DA:23,0
DA:24,0
DA:25,0
DA:26,0
DA:27,0
DA:28,0
DA:29,0
DA:30,0
DA:31,0
DA:32,0
DA:33,0
DA:34,1
DA:38,2
LF:28
LH:14
end_of_record
TN:
SF:src/components/ui/alert-dialog/AlertDialogFooter.vue
FNF:1
FNH:0
DA:1,58
DA:2,168
DA:5,33
DA:8,34
DA:9,30
DA:10,12
DA:11,91
DA:12,3
DA:13,0
DA:14,0
DA:15,0
DA:16,0
DA:17,0
DA:18,0
DA:19,0
DA:20,0
DA:21,0
DA:22,0
DA:23,0
DA:24,0
DA:25,0
DA:26,0
DA:27,0
DA:28,1
DA:32,2
LF:25
LH:10
end_of_record
TN:
SF:src/components/ui/alert-dialog/AlertDialogHeader.vue
FNF:1
FNH:0
DA:1,58
DA:2,168
DA:5,33
DA:8,34
DA:9,30
DA:10,12
DA:11,91
DA:12,3
DA:13,0
DA:14,0
DA:15,0
DA:16,0
DA:17,0
DA:18,0
DA:19,0
DA:20,0
DA:21,0
DA:22,0
DA:23,1
DA:27,2
LF:20
LH:10
end_of_record
TN:
SF:src/components/ui/alert-dialog/AlertDialogTitle.vue
FNF:1
FNH:0
DA:1,58
DA:2,167
DA:5,44
DA:6,43
DA:7,33
DA:10,34
DA:11,29
DA:12,12
DA:13,48
DA:14,40
DA:15,91
DA:16,3
DA:17,0
DA:18,0
DA:19,0
DA:20,0
DA:21,0
DA:22,0
DA:23,0
DA:24,0
DA:25,0
DA:26,0
DA:27,0
DA:28,0
DA:29,0
DA:30,0
DA:31,1
DA:35,2
LF:28
LH:14
end_of_record
TN:
SF:src/components/ui/alert-dialog/AlertDialogTrigger.vue
FNF:1
FNH:0
DA:1,58
DA:2,167
DA:4,45
DA:7,34
DA:8,31
DA:9,12
DA:10,48
DA:11,37
DA:12,3
DA:13,0
DA:14,0
DA:15,0
DA:16,0
DA:17,0
DA:18,0
DA:19,0
DA:20,0
DA:21,0
DA:22,0
DA:23,1
DA:27,2
LF:21
LH:11
end_of_record
TN:
SF:src/components/ui/alert-dialog/index.ts
FNF:1
FNH:1
DA:1,59
DA:2,71
DA:3,71
DA:4,73
DA:5,81
DA:6,71
DA:7,71
DA:8,69
DA:9,72
LF:9
LH:9
end_of_record
TN:
SF:src/components/ui/badge/Badge.vue
FNF:3
FNH:3
DA:1,58
DA:2,167
DA:6,44
DA:7,36
DA:8,33
DA:9,43
DA:12,34
DA:13,18
DA:14,12
DA:15,48
DA:16,40
DA:17,45
DA:18,91
DA:19,3
DA:20,15
DA:22,26
DA:24,56
DA:26,31
DA:27,74
DA:28,29
DA:29,89
DA:30,37
DA:31,34
DA:32,43
DA:33,10
DA:34,10
DA:35,18
DA:39,2
LF:28
LH:28
end_of_record
TN:
SF:src/components/ui/badge/index.ts
FNF:1
FNH:1
DA:1,47
DA:2,42
LF:2
LH:2
end_of_record
TN:
SF:src/components/ui/badge/variants.ts
FNF:1
FNH:1
DA:1,47
DA:3,32
DA:4,402
DA:5,3
DA:6,15
DA:7,16
DA:8,9
DA:9,87
DA:10,11
DA:11,93
DA:12,13
DA:13,178
DA:14,9
DA:15,76
DA:16,3
DA:17,4
DA:18,22
DA:19,20
DA:20,2
DA:22,2
LF:20
LH:20
end_of_record
TN:
SF:src/components/ui/button/Button.vue
FNF:3
FNH:3
DA:1,58
DA:2,175
DA:5,33
DA:6,36
DA:7,44
DA:16,34
DA:17,19
DA:18,12
DA:19,45
DA:20,42
DA:21,94
DA:22,48
DA:23,56
DA:24,3
DA:25,15
DA:27,26
DA:29,31
DA:30,62
DA:31,30
DA:32,23
DA:33,36
DA:34,127
DA:35,12
DA:36,34
DA:37,43
DA:38,10
DA:39,10
DA:40,35
DA:44,2
LF:29
LH:29
end_of_record
TN:
SF:src/components/ui/button/index.ts
FNF:1
FNH:1
DA:1,49
DA:2,43
LF:2
LH:2
end_of_record
TN:
SF:src/components/ui/button/variants.ts
FNF:1
FNH:1
DA:1,47
DA:3,33
DA:4,447
DA:5,3
DA:6,15
DA:7,16
DA:8,9
DA:9,73
DA:10,13
DA:11,164
DA:12,9
DA:13,142
DA:14,11
DA:15,79
DA:16,7
DA:17,77
DA:18,59
DA:19,6
DA:20,13
DA:21,47
DA:22,58
DA:23,49
DA:24,18
DA:25,3
DA:26,4
DA:27,22
DA:28,23
DA:29,17
DA:30,2
DA:32,2
LF:30
LH:30
end_of_record
TN:
SF:src/components/ui/collapsible/Collapsible.vue
FNF:1
FNH:0
DA:1,58
DA:2,167
DA:5,64
DA:8,34
DA:9,24
DA:10,12
DA:11,52
DA:12,45
DA:13,49
DA:14,54
DA:15,48
DA:16,37
DA:17,4
DA:18,24
DA:19,0
DA:20,0
DA:21,0
DA:22,0
DA:23,0
DA:24,0
DA:25,0
DA:26,0
DA:27,0
DA:28,0
DA:29,0
DA:30,0
DA:31,0
DA:32,1
DA:36,2
LF:29
LH:16
end_of_record
TN:
SF:src/components/ui/collapsible/CollapsibleContent.vue
FNF:1
FNH:0
DA:1,58
DA:2,167
DA:4,45
DA:7,34
DA:8,31
DA:9,12
DA:10,51
DA:11,48
DA:12,37
DA:13,3
DA:14,0
DA:15,0
DA:16,0
DA:17,0
DA:18,0
DA:19,0
DA:20,0
DA:21,0
DA:22,0
DA:23,0
DA:24,1
DA:28,2
LF:22
LH:12
end_of_record
TN:
SF:src/components/ui/collapsible/CollapsibleTrigger.vue
FNF:1
FNH:0
DA:1,58
DA:2,167
DA:4,45
DA:7,34
DA:8,31
DA:9,12
DA:10,48
DA:11,37
DA:12,3
DA:13,0
DA:14,0
DA:15,0
DA:16,0
DA:17,0
DA:18,0
DA:19,0
DA:20,0
DA:21,0
DA:22,0
DA:23,1
DA:27,2
LF:21
LH:11
end_of_record
TN:
SF:src/components/ui/collapsible/index.ts
FNF:1
FNH:1
DA:1,59
DA:2,73
DA:3,72
LF:3
LH:3
end_of_record
TN:
SF:src/components/ui/dialog/Dialog.vue
FNF:1
FNH:0
DA:1,58
DA:2,167
DA:4,59
DA:7,34
DA:8,19
DA:9,12
DA:10,45
DA:11,52
DA:12,46
DA:13,51
DA:14,4
DA:15,24
DA:16,0
DA:17,0
DA:18,0
DA:19,0
DA:20,0
DA:21,0
DA:22,0
DA:23,0
DA:24,0
DA:25,0
DA:26,0
DA:27,0
DA:28,0
DA:29,1
DA:33,2
LF:27
LH:14
end_of_record
TN:
SF:src/components/ui/dialog/DialogClose.vue
FNF:1
FNH:0
DA:1,58
DA:2,167
DA:4,38
DA:7,34
DA:8,24
DA:9,12
DA:10,48
DA:11,37
DA:12,3
DA:13,0
DA:14,0
DA:15,0
DA:16,0
DA:17,0
DA:18,0
DA:19,0
DA:20,0
DA:21,0
DA:22,0
DA:23,1
DA:27,2
LF:21
LH:11
end_of_record
TN:
SF:src/components/ui/dialog/DialogContent.vue
FNF:1
FNH:0
DA:1,58
DA:2,239
DA:5,44
DA:6,36
DA:7,92
DA:15,33
DA:16,48
DA:19,34
DA:20,26
DA:21,12
DA:22,51
DA:23,68
DA:24,48
DA:25,40
DA:26,91
DA:27,4
DA:28,118
DA:29,0
DA:30,0
DA:31,0
DA:32,0
DA:33,0
DA:34,0
DA:35,0
DA:36,0
DA:37,0
DA:38,0
DA:39,0
DA:40,0
DA:41,0
DA:42,0
DA:43,0
DA:44,0
DA:45,0
DA:46,0
DA:47,0
DA:48,0
DA:49,0
DA:50,0
DA:51,0
DA:52,0
DA:53,0
DA:54,0
DA:55,0
DA:56,0
DA:57,0
DA:58,0
DA:59,0
DA:60,0
DA:61,0
DA:62,0
DA:63,1
DA:67,2
LF:53
LH:19
end_of_record
TN:
SF:src/components/ui/dialog/DialogDescription.vue
FNF:1
FNH:0
DA:1,58
DA:2,167
DA:5,44
DA:6,61
DA:7,33
DA:10,34
DA:11,30
DA:12,12
DA:13,48
DA:14,40
DA:15,91
DA:16,3
DA:17,0
DA:18,0
DA:19,0
DA:20,0
DA:21,0
DA:22,0
DA:23,0
DA:24,0
DA:25,0
DA:26,0
DA:27,0
DA:28,0
DA:29,0
DA:30,0
DA:31,0
DA:32,0
DA:33,1
DA:37,2
LF:30
LH:14
end_of_record
TN:
SF:src/components/ui/dialog/DialogFooter.vue
FNF:1
FNH:0
DA:1,58
DA:2,168
DA:5,33
DA:8,34
DA:9,25
DA:10,12
DA:11,91
DA:12,3
DA:13,0
DA:14,0
DA:15,0
DA:16,0
DA:17,0
DA:18,0
DA:19,0
DA:20,0
DA:21,0
DA:22,0
DA:23,1
DA:27,2
LF:20
LH:10
end_of_record
TN:
SF:src/components/ui/dialog/DialogHeader.vue
FNF:1
FNH:0
DA:1,58
DA:2,168
DA:5,33
DA:8,34
DA:9,25
DA:10,12
DA:11,91
DA:12,3
DA:13,0
DA:14,0
DA:15,0
DA:16,0
DA:17,0
DA:18,0
DA:19,0
DA:20,0
DA:21,0
DA:22,0
DA:23,1
DA:27,2
LF:20
LH:10
end_of_record
TN:
SF:src/components/ui/dialog/DialogOverlay.vue
FNF:1
FNH:0
DA:1,58
DA:2,167
DA:5,44
DA:6,40
DA:7,33
DA:10,34
DA:11,26
DA:12,12
DA:13,51
DA:14,48
DA:15,40
DA:16,91
DA:17,3
DA:18,0
DA:19,0
DA:20,0
DA:21,0
DA:22,0
DA:23,0
DA:24,0
DA:25,0
DA:26,0
DA:27,0
DA:28,0
DA:29,0
DA:30,0
DA:31,0
DA:32,1
DA:36,2
LF:29
LH:15
end_of_record
TN:
SF:src/components/ui/dialog/DialogScrollContent.vue
FNF:1
FNH:0
DA:1,58
DA:2,239
DA:5,44
DA:6,36
DA:7,108
DA:16,33
DA:19,34
DA:20,32
DA:21,12
DA:22,51
DA:23,68
DA:24,48
DA:25,40
DA:26,91
DA:27,4
DA:28,118
DA:29,0
DA:30,0
DA:31,0
DA:32,0
DA:33,0
DA:34,0
DA:35,0
DA:36,0
DA:37,0
DA:38,0
DA:39,0
DA:40,0
DA:41,0
DA:42,0
DA:43,0
DA:44,0
DA:45,0
DA:46,0
DA:47,0
DA:48,0
DA:49,0
DA:50,0
DA:51,0
DA:52,0
DA:53,0
DA:54,0
DA:55,0
DA:56,0
DA:57,0
DA:58,0
DA:59,0
DA:60,0
DA:61,0
DA:62,0
DA:63,0
DA:64,0
DA:65,0
DA:66,0
DA:67,0
DA:68,0
DA:69,0
DA:70,0
DA:71,0
DA:72,0
DA:73,0
DA:74,0
DA:75,0
DA:76,1
DA:80,2
LF:65
LH:18
end_of_record
TN:
SF:src/components/ui/dialog/DialogTitle.vue
FNF:1
FNH:0
DA:1,58
DA:2,167
DA:5,44
DA:6,55
DA:7,33
DA:10,34
DA:11,24
DA:12,12
DA:13,48
DA:14,40
DA:15,91
DA:16,3
DA:17,0
DA:18,0
DA:19,0
DA:20,0
DA:21,0
DA:22,0
DA:23,0
DA:24,0
DA:25,0
DA:26,0
DA:27,0
DA:28,0
DA:29,0
DA:30,0
DA:31,0
DA:32,0
DA:33,1
DA:37,2
LF:30
LH:14
end_of_record
TN:
SF:src/components/ui/dialog/DialogTrigger.vue
FNF:1
FNH:0
DA:1,58
DA:2,167
DA:4,40
DA:7,34
DA:8,26
DA:9,12
DA:10,48
DA:11,37
DA:12,3
DA:13,0
DA:14,0
DA:15,0
DA:16,0
DA:17,0
DA:18,0
DA:19,0
DA:20,0
DA:21,0
DA:22,0
DA:23,1
DA:27,2
LF:21
LH:11
end_of_record
TN:
SF:src/components/ui/dialog/index.ts
FNF:1
FNH:1
DA:1,49
DA:2,59
DA:3,63
DA:4,71
DA:5,61
DA:6,61
DA:7,63
DA:8,75
DA:9,59
DA:10,62
LF:10
LH:10
end_of_record
TN:
SF:src/components/ui/dropdown-menu/DropdownMenu.vue
FNF:3
FNH:3
DA:1,58
DA:2,167
DA:4,65
DA:7,34
DA:8,25
DA:9,12
DA:10,52
DA:11,45
DA:12,43
DA:13,43
DA:14,4
DA:15,24
DA:16,33
DA:18,26
DA:19,25
DA:21,57
DA:23,31
DA:24,135
DA:25,34
DA:26,43
DA:27,10
DA:28,10
DA:29,7
DA:33,2
LF:24
LH:24
end_of_record
TN:
SF:src/components/ui/dropdown-menu/DropdownMenuCheckboxItem.vue
FNF:1
FNH:0
DA:1,58
DA:2,239
DA:4,110
DA:7,44
DA:8,40
DA:9,102
DA:16,33
DA:19,34
DA:20,37
DA:21,12
DA:22,61
DA:23,49
DA:24,49
DA:25,48
DA:26,40
DA:27,91
DA:28,4
DA:29,40
DA:30,0
DA:31,0
DA:32,0
DA:33,0
DA:34,0
DA:35,0
DA:36,0
DA:37,0
DA:38,0
DA:39,0
DA:40,0
DA:41,0
DA:42,0
DA:43,0
DA:44,0
DA:45,0
DA:46,0
DA:47,0
DA:48,0
DA:49,0
DA:50,0
DA:51,0
DA:52,0
DA:53,0
DA:54,0
DA:55,0
DA:56,0
DA:57,0
DA:58,1
DA:62,2
LF:48
LH:20
end_of_record
TN:
SF:src/components/ui/dropdown-menu/DropdownMenuContent.vue
FNF:4
FNH:4
DA:1,58
DA:2,196
DA:5,44
DA:6,90
DA:13,33
DA:16,34
DA:17,32
DA:18,12
DA:19,51
DA:20,45
DA:21,55
DA:22,42
DA:23,62
DA:24,49
DA:25,43
DA:26,51
DA:27,50
DA:28,56
DA:29,55
DA:30,66
DA:31,52
DA:32,57
DA:33,46
DA:34,57
DA:35,56
DA:36,62
DA:37,67
DA:38,59
DA:39,47
DA:40,48
DA:41,40
DA:42,91
DA:43,4
DA:44,101
DA:45,33
DA:47,26
DA:48,25
DA:50,56
DA:52,66
DA:54,31
DA:55,77
DA:56,34
DA:57,128
DA:58,608
DA:59,17
DA:60,38
DA:61,47
DA:62,14
DA:63,14
DA:64,25
DA:65,10
DA:66,10
DA:67,3
DA:71,2
LF:54
LH:54
end_of_record
TN:
SF:src/components/ui/dropdown-menu/DropdownMenuGroup.vue
FNF:1
FNH:0
DA:1,58
DA:2,167
DA:4,44
DA:7,34
DA:8,30
DA:9,12
DA:10,48
DA:11,37
DA:12,3
DA:13,0
DA:14,0
DA:15,0
DA:16,0
DA:17,0
DA:18,0
DA:19,0
DA:20,0
DA:21,0
DA:22,0
DA:23,1
DA:27,2
LF:21
LH:11
end_of_record
TN:
SF:src/components/ui/dropdown-menu/DropdownMenuItem.vue
FNF:3
FNH:3
DA:1,58
DA:2,167
DA:5,44
DA:6,60
DA:7,33
DA:10,34
DA:11,29
DA:12,12
DA:13,49
DA:14,49
DA:15,48
DA:16,40
DA:17,94
DA:18,46
DA:19,64
DA:20,3
DA:21,15
DA:23,26
DA:25,76
DA:27,59
DA:29,31
DA:30,81
DA:31,42
DA:32,48
DA:33,37
DA:34,36
DA:35,692
DA:36,13
DA:37,34
DA:38,43
DA:39,10
DA:40,10
DA:41,48
DA:45,2
LF:34
LH:34
end_of_record
TN:
SF:src/components/ui/dropdown-menu/DropdownMenuLabel.vue
FNF:1
FNH:0
DA:1,58
DA:2,167
DA:5,44
DA:6,61
DA:7,33
DA:10,34
DA:11,30
DA:12,12
DA:13,48
DA:14,40
DA:15,94
DA:16,43
DA:17,3
DA:18,0
DA:19,0
DA:20,0
DA:21,0
DA:22,0
DA:23,0
DA:24,0
DA:25,0
DA:26,0
DA:27,0
DA:28,0
DA:29,0
DA:30,0
DA:31,0
DA:32,0
DA:33,0
DA:34,0
DA:35,0
DA:36,1
DA:40,2
LF:33
LH:15
end_of_record
TN:
SF:src/components/ui/dropdown-menu/DropdownMenuRadioGroup.vue
FNF:1
FNH:0
DA:1,58
DA:2,167
DA:4,72
DA:12,34
DA:13,35
DA:14,12
DA:15,48
DA:16,48
DA:17,37
DA:18,4
DA:19,30
DA:20,0
DA:21,0
DA:22,0
DA:23,0
DA:24,0
DA:25,0
DA:26,0
DA:27,0
DA:28,0
DA:29,0
DA:30,0
DA:31,0
DA:32,0
DA:33,1
DA:37,2
LF:26
LH:13
end_of_record
TN:
SF:src/components/ui/dropdown-menu/DropdownMenuRadioItem.vue
FNF:1
FNH:0
DA:1,58
DA:2,239
DA:4,110
DA:7,44
DA:8,41
DA:9,99
DA:16,33
DA:19,34
DA:20,34
DA:21,12
DA:22,42
DA:23,49
DA:24,49
DA:25,48
DA:26,40
DA:27,91
DA:28,4
DA:29,19
DA:30,0
DA:31,0
DA:32,0
DA:33,0
DA:34,0
DA:35,0
DA:36,0
DA:37,0
DA:38,0
DA:39,0
DA:40,0
DA:41,0
DA:42,0
DA:43,0
DA:44,0
DA:45,0
DA:46,0
DA:47,0
DA:48,0
DA:49,0
DA:50,0
DA:51,0
DA:52,0
DA:53,0
DA:54,0
DA:55,0
DA:56,0
DA:57,0
DA:58,0
DA:59,1
DA:63,2
LF:49
LH:20
end_of_record
TN:
SF:src/components/ui/dropdown-menu/DropdownMenuSeparator.vue
FNF:2
FNH:2
DA:1,58
DA:2,119
DA:5,44
DA:6,48
DA:10,33
DA:13,34
DA:14,34
DA:15,12
DA:16,48
DA:17,40
DA:18,91
DA:19,3
DA:20,15
DA:22,26
DA:24,56
DA:26,31
DA:27,154
DA:28,65
DA:29,25
DA:33,2
LF:20
LH:20
end_of_record
TN:
SF:src/components/ui/dropdown-menu/DropdownMenuShortcut.vue
FNF:1
FNH:0
DA:1,58
DA:2,168
DA:5,33
DA:8,34
DA:9,33
DA:10,12
DA:11,91
DA:12,3
DA:13,0
DA:14,0
DA:15,0
DA:16,0
DA:17,0
DA:18,0
DA:19,0
DA:20,0
DA:21,0
DA:22,0
DA:23,1
DA:27,2
LF:20
LH:10
end_of_record
TN:
SF:src/components/ui/dropdown-menu/DropdownMenuSub.vue
FNF:1
FNH:0
DA:1,58
DA:2,167
DA:4,65
DA:12,34
DA:13,28
DA:14,12
DA:15,52
DA:16,42
DA:17,4
DA:18,24
DA:19,0
DA:20,0
DA:21,0
DA:22,0
DA:23,0
DA:24,0
DA:25,0
DA:26,0
DA:27,0
DA:28,0
DA:29,0
DA:30,0
DA:31,0
DA:32,1
DA:36,2
LF:25
LH:12
end_of_record
TN:
SF:src/components/ui/dropdown-menu/DropdownMenuSubContent.vue
FNF:1
FNH:0
DA:1,58
DA:2,167
DA:5,44
DA:6,72
DA:12,33
DA:15,34
DA:16,35
DA:17,12
DA:18,51
DA:19,45
DA:20,55
DA:21,50
DA:22,49
DA:23,51
DA:24,50
DA:25,56
DA:26,55
DA:27,66
DA:28,52
DA:29,57
DA:30,46
DA:31,57
DA:32,56
DA:33,62
DA:34,67
DA:35,59
DA:36,47
DA:37,48
DA:38,40
DA:39,91
DA:40,4
DA:41,132
DA:42,0
DA:43,0
DA:44,0
DA:45,0
DA:46,0
DA:47,0
DA:48,0
DA:49,0
DA:50,0
DA:51,0
DA:52,0
DA:53,0
DA:54,0
DA:55,0
DA:56,0
DA:57,0
DA:58,0
DA:59,1
DA:63,2
LF:51
LH:34
end_of_record
TN:
SF:src/components/ui/dropdown-menu/DropdownMenuSubTrigger.vue
FNF:1
FNH:0
DA:1,58
DA:2,196
DA:5,44
DA:6,47
DA:7,67
DA:12,33
DA:15,34
DA:16,35
DA:17,12
DA:18,49
DA:19,49
DA:20,48
DA:21,40
DA:22,94
DA:23,43
DA:24,3
DA:25,0
DA:26,0
DA:27,0
DA:28,0
DA:29,0
DA:30,0
DA:31,0
DA:32,0
DA:33,0
DA:34,0
DA:35,0
DA:36,0
DA:37,0
DA:38,0
DA:39,0
DA:40,0
DA:41,0
DA:42,0
DA:43,0
DA:44,1
DA:48,2
LF:37
LH:18
end_of_record
TN:
SF:src/components/ui/dropdown-menu/DropdownMenuTrigger.vue
FNF:3
FNH:3
DA:1,58
DA:2,167
DA:4,63
DA:7,34
DA:8,32
DA:9,12
DA:10,49
DA:11,48
DA:12,37
DA:13,3
DA:14,15
DA:16,26
DA:18,50
DA:20,31
DA:21,151
DA:22,34
DA:23,43
DA:24,10
DA:25,10
DA:26,7
DA:30,2
LF:21
LH:21
end_of_record
TN:
SF:src/components/ui/dropdown-menu/index.ts
FNF:1
FNH:1
DA:1,61
DA:3,85
DA:4,75
DA:5,71
DA:6,69
DA:7,71
DA:8,81
DA:9,79
DA:10,79
DA:11,77
DA:12,67
DA:13,81
DA:14,81
DA:15,75
DA:16,44
LF:15
LH:15
end_of_record
TN:
SF:src/components/ui/input/Input.vue
FNF:1
FNH:0
DA:1,58
DA:2,220
DA:5,33
DA:6,41
DA:9,34
DA:10,18
DA:11,12
DA:12,62
DA:13,60
DA:14,91
DA:15,4
DA:16,30
DA:17,0
DA:18,0
DA:19,0
DA:20,0
DA:21,0
DA:22,0
DA:23,0
DA:24,0
DA:25,0
DA:26,0
DA:27,0
DA:28,0
DA:29,0
DA:30,0
DA:31,0
DA:32,0
DA:33,0
DA:34,0
DA:35,0
DA:36,0
DA:37,0
DA:38,0
DA:39,0
DA:40,1
DA:44,2
LF:37
LH:14
end_of_record
TN:
SF:src/components/ui/input/index.ts
FNF:1
FNH:1
DA:1,46
LF:1
LH:1
end_of_record
TN:
SF:src/components/ui/label/Label.vue
FNF:1
FNH:0
DA:1,58
DA:2,167
DA:4,33
DA:5,32
DA:6,31
DA:9,34
DA:10,18
DA:11,12
DA:12,43
DA:13,48
DA:14,40
DA:15,91
DA:16,3
DA:17,0
DA:18,0
DA:19,0
DA:20,0
DA:21,0
DA:22,0
DA:23,0
DA:24,0
DA:25,0
DA:26,0
DA:27,0
DA:28,0
DA:29,0
DA:30,0
DA:31,0
DA:32,0
DA:33,0
DA:34,0
DA:35,0
DA:36,0
DA:37,0
DA:38,0
DA:39,0
DA:40,1
DA:44,2
LF:38
LH:15
end_of_record
TN:
SF:src/components/ui/label/index.ts
FNF:1
FNH:1
DA:1,46
LF:1
LH:1
end_of_record
TN:
SF:src/components/ui/select/Select.vue
FNF:1
FNH:0
DA:1,58
DA:2,167
DA:5,59
DA:8,34
DA:9,19
DA:10,12
DA:11,45
DA:12,52
DA:13,50
DA:14,48
DA:15,53
DA:16,54
DA:17,43
DA:18,49
DA:19,52
DA:20,49
DA:21,44
DA:22,46
DA:23,4
DA:24,45
DA:25,0
DA:26,0
DA:27,0
DA:28,0
DA:29,0
DA:30,0
DA:31,0
DA:32,0
DA:33,0
DA:34,0
DA:35,0
DA:36,0
DA:37,0
DA:38,1
DA:42,2
LF:35
LH:22
end_of_record
TN:
SF:src/components/ui/select/SelectContent.vue
FNF:1
FNH:0
DA:1,58
DA:2,231
DA:5,44
DA:6,95
DA:14,33
DA:15,66
DA:16,62
DA:19,37
DA:20,5
DA:21,21
DA:22,4
DA:23,26
DA:24,12
DA:25,51
DA:26,67
DA:27,49
DA:28,55
DA:29,42
DA:30,50
DA:31,49
DA:32,43
DA:33,51
DA:34,50
DA:35,56
DA:36,55
DA:37,66
DA:38,52
DA:39,57
DA:40,46
DA:41,57
DA:42,56
DA:43,62
DA:44,67
DA:45,59
DA:46,47
DA:47,43
DA:48,48
DA:49,40
DA:50,68
DA:51,91
DA:52,4
DA:53,66
DA:54,0
DA:55,0
DA:56,0
DA:57,0
DA:58,0
DA:59,0
DA:60,0
DA:61,0
DA:62,0
DA:63,0
DA:64,0
DA:65,0
DA:66,0
DA:67,0
DA:68,0
DA:69,0
DA:70,0
DA:71,0
DA:72,0
DA:73,0
DA:74,0
DA:75,0
DA:76,0
DA:77,0
DA:78,0
DA:79,0
DA:80,0
DA:81,0
DA:82,0
DA:83,0
DA:84,0
DA:85,0
DA:86,0
DA:87,0
DA:88,0
DA:89,0
DA:90,0
DA:91,0
DA:92,0
DA:93,1
DA:97,2
LF:83
LH:44
end_of_record
TN:
SF:src/components/ui/select/SelectGroup.vue
FNF:1
FNH:0
DA:1,58
DA:2,167
DA:4,38
DA:7,34
DA:8,24
DA:9,12
DA:10,48
DA:11,37
DA:12,3
DA:13,0
DA:14,0
DA:15,0
DA:16,0
DA:17,0
DA:18,0
DA:19,0
DA:20,0
DA:21,0
DA:22,0
DA:23,1
DA:27,2
LF:21
LH:11
end_of_record
TN:
SF:src/components/ui/select/SelectItem.vue
FNF:1
FNH:0
DA:1,58
DA:2,239
DA:4,91
DA:7,44
DA:8,40
DA:9,94
DA:16,33
DA:19,34
DA:20,23
DA:21,12
DA:22,42
DA:23,49
DA:24,49
DA:25,48
DA:26,40
DA:27,91
DA:28,3
DA:29,0
DA:30,0
DA:31,0
DA:32,0
DA:33,0
DA:34,0
DA:35,0
DA:36,0
DA:37,0
DA:38,0
DA:39,0
DA:40,0
DA:41,0
DA:42,0
DA:43,0
DA:44,0
DA:45,0
DA:46,0
DA:47,0
DA:48,0
DA:49,0
DA:50,0
DA:51,0
DA:52,0
DA:53,0
DA:54,0
DA:55,0
DA:56,0
DA:57,0
DA:58,0
DA:59,0
DA:60,0
DA:61,0
DA:62,0
DA:63,1
DA:67,2
LF:53
LH:19
end_of_record
TN:
SF:src/components/ui/select/SelectItemText.vue
FNF:1
FNH:0
DA:1,58
DA:2,167
DA:4,41
DA:7,34
DA:8,27
DA:9,12
DA:10,48
DA:11,37
DA:12,3
DA:13,0
DA:14,0
DA:15,0
DA:16,0
DA:17,0
DA:18,0
DA:19,0
DA:20,0
DA:21,0
DA:22,0
DA:23,1
DA:27,2
LF:21
LH:11
end_of_record
TN:
SF:src/components/ui/select/SelectLabel.vue
FNF:1
FNH:0
DA:1,58
DA:2,175
DA:5,38
DA:6,33
DA:9,34
DA:10,24
DA:11,12
DA:12,43
DA:13,48
DA:14,40
DA:15,91
DA:16,3
DA:17,0
DA:18,0
DA:19,0
DA:20,0
DA:21,0
DA:22,0
DA:23,0
DA:24,0
DA:25,0
DA:26,0
DA:27,0
DA:28,0
DA:29,0
DA:30,1
DA:34,2
LF:27
LH:14
end_of_record
TN:
SF:src/components/ui/select/SelectScrollDownButton.vue
FNF:1
FNH:0
DA:1,58
DA:2,196
DA:5,44
DA:6,46
DA:7,66
DA:8,33
DA:11,34
DA:12,35
DA:13,12
DA:14,48
DA:15,40
DA:16,91
DA:17,3
DA:18,0
DA:19,0
DA:20,0
DA:21,0
DA:22,0
DA:23,0
DA:24,0
DA:25,0
DA:26,0
DA:27,0
DA:28,0
DA:29,0
DA:30,0
DA:31,0
DA:32,0
DA:33,0
DA:34,0
DA:35,0
DA:36,1
DA:40,2
LF:33
LH:15
end_of_record
TN:
SF:src/components/ui/select/SelectScrollUpButton.vue
FNF:1
FNH:0
DA:1,58
DA:2,196
DA:5,44
DA:6,44
DA:7,64
DA:8,33
DA:11,34
DA:12,33
DA:13,12
DA:14,48
DA:15,40
DA:16,91
DA:17,3
DA:18,0
DA:19,0
DA:20,0
DA:21,0
DA:22,0
DA:23,0
DA:24,0
DA:25,0
DA:26,0
DA:27,0
DA:28,0
DA:29,0
DA:30,0
DA:31,0
DA:32,0
DA:33,0
DA:34,0
DA:35,0
DA:36,1
DA:40,2
LF:33
LH:15
end_of_record
TN:
SF:src/components/ui/select/SelectSeparator.vue
FNF:1
FNH:0
DA:1,58
DA:2,119
DA:5,44
DA:6,42
DA:7,33
DA:10,34
DA:11,28
DA:12,12
DA:13,48
DA:14,40
DA:15,91
DA:16,3
DA:17,0
DA:18,0
DA:19,0
DA:20,0
DA:21,0
DA:22,0
DA:23,0
DA:24,0
DA:25,0
DA:26,1
DA:30,2
LF:23
LH:14
end_of_record
TN:
SF:src/components/ui/select/SelectTrigger.vue
FNF:1
FNH:0
DA:1,58
DA:2,196
DA:5,44
DA:6,46
DA:7,69
DA:8,33
DA:11,34
DA:12,26
DA:13,12
DA:14,49
DA:15,47
DA:16,48
DA:17,40
DA:18,94
DA:19,61
DA:20,3
DA:21,0
DA:22,0
DA:23,0
DA:24,0
DA:25,0
DA:26,0
DA:27,0
DA:28,0
DA:29,0
DA:30,0
DA:31,0
DA:32,0
DA:33,0
DA:34,0
DA:35,0
DA:36,0
DA:37,0
DA:38,0
DA:39,0
DA:40,0
DA:41,0
DA:42,0
DA:43,0
DA:44,0
DA:45,0
DA:46,0
DA:47,0
DA:48,1
DA:52,2
LF:45
LH:18
end_of_record
TN:
SF:src/components/ui/select/SelectValue.vue
FNF:1
FNH:0
DA:1,58
DA:2,167
DA:4,38
DA:7,34
DA:8,24
DA:9,12
DA:10,51
DA:11,48
DA:12,37
DA:13,3
DA:14,0
DA:15,0
DA:16,0
DA:17,0
DA:18,0
DA:19,0
DA:20,0
DA:21,0
DA:22,0
DA:23,0
DA:24,1
DA:28,2
LF:22
LH:12
end_of_record
TN:
SF:src/components/ui/select/index.ts
FNF:1
FNH:1
DA:1,49
DA:2,63
DA:3,59
DA:4,57
DA:5,65
DA:6,59
DA:7,81
DA:8,77
DA:9,67
DA:10,63
DA:11,58
LF:11
LH:11
end_of_record
TN:
SF:src/components/ui/textarea/Textarea.vue
FNF:1
FNH:0
DA:1,58
DA:2,220
DA:5,41
DA:6,33
DA:9,34
DA:10,21
DA:11,12
DA:12,94
DA:13,62
DA:14,57
DA:15,4
DA:16,30
DA:17,0
DA:18,0
DA:19,0
DA:20,0
DA:21,0
DA:22,0
DA:23,0
DA:24,0
DA:25,0
DA:26,0
DA:27,0
DA:28,0
DA:29,0
DA:30,0
DA:31,0
DA:32,0
DA:33,0
DA:34,0
DA:35,1
DA:39,2
LF:32
LH:14
end_of_record
TN:
SF:src/components/ui/textarea/index.ts
FNF:1
FNH:1
DA:1,52
LF:1
LH:1
end_of_record
TN:
SF:src/components/wishlists/CreateWishlistItemModal.vue
FNF:1
FNH:0
DA:1,58
DA:2,249
DA:4,43
DA:5,39
DA:6,135
DA:14,48
DA:15,35
DA:16,54
DA:17,72
DA:33,34
DA:34,36
DA:35,12
DA:36,49
DA:37,67
DA:38,64
DA:39,4
DA:40,41
DA:41,0
DA:42,0
DA:43,0
DA:44,0
DA:45,0
DA:46,0
DA:47,0
DA:48,0
DA:49,0
DA:50,0
DA:51,0
DA:52,0
DA:53,0
DA:54,0
DA:55,0
DA:56,0
DA:57,0
DA:58,0
DA:59,0
DA:60,0
DA:61,0
DA:62,0
DA:63,0
DA:64,0
DA:65,0
DA:66,0
DA:67,0
DA:68,0
DA:69,0
DA:70,0
DA:71,0
DA:72,0
DA:73,0
DA:74,0
DA:75,0
DA:76,0
DA:77,0
DA:78,0
DA:79,0
DA:80,0
DA:81,0
DA:82,0
DA:83,0
DA:84,0
DA:85,0
DA:86,0
DA:87,0
DA:88,0
DA:89,0
DA:90,0
DA:91,0
DA:92,0
DA:93,0
DA:94,0
DA:95,0
DA:96,0
DA:97,0
DA:98,0
DA:99,0
DA:100,0
DA:101,0
DA:102,0
DA:103,0
DA:104,0
DA:105,0
DA:106,0
DA:107,0
DA:108,0
DA:109,0
DA:110,0
DA:111,0
DA:112,0
DA:113,0
DA:114,0
DA:115,0
DA:116,0
DA:117,0
DA:118,0
DA:119,0
DA:120,0
DA:121,0
DA:122,0
DA:123,0
DA:124,0
DA:125,0
DA:126,0
DA:127,0
DA:128,0
DA:129,0
DA:130,0
DA:131,0
DA:132,0
DA:133,0
DA:134,0
DA:135,0
DA:136,0
DA:137,0
DA:138,0
DA:139,0
DA:140,0
DA:141,0
DA:142,0
DA:143,0
DA:144,0
DA:145,0
DA:146,0
DA:147,0
DA:148,0
DA:149,0
DA:150,0
DA:151,0
DA:152,0
DA:153,0
DA:154,0
DA:155,0
DA:156,0
DA:157,0
DA:158,0
DA:159,0
DA:160,0
DA:161,0
DA:162,0
DA:163,0
DA:164,0
DA:165,0
DA:166,0
DA:167,0
DA:168,0
DA:169,0
DA:170,0
DA:171,0
DA:172,0
DA:173,0
DA:174,0
DA:175,0
DA:176,0
DA:177,0
DA:178,0
DA:179,0
DA:180,0
DA:181,0
DA:182,0
DA:183,0
DA:184,0
DA:185,0
DA:186,0
DA:187,0
DA:188,0
DA:189,0
DA:190,0
DA:191,0
DA:192,0
DA:193,0
DA:194,1
DA:198,2
LF:172
LH:19
end_of_record
TN:
SF:src/components/wishlists/EditWishlistItemModal.vue
FNF:1
FNH:0
DA:1,58
DA:2,249
DA:4,43
DA:5,40
DA:6,135
DA:14,48
DA:15,35
DA:16,54
DA:17,72
DA:33,34
DA:34,34
DA:35,12
DA:36,41
DA:37,67
DA:38,64
DA:39,4
DA:40,41
DA:41,0
DA:42,0
DA:43,0
DA:44,0
DA:45,0
DA:46,0
DA:47,0
DA:48,0
DA:49,0
DA:50,0
DA:51,0
DA:52,0
DA:53,0
DA:54,0
DA:55,0
DA:56,0
DA:57,0
DA:58,0
DA:59,0
DA:60,0
DA:61,0
DA:62,0
DA:63,0
DA:64,0
DA:65,0
DA:66,0
DA:67,0
DA:68,0
DA:69,0
DA:70,0
DA:71,0
DA:72,0
DA:73,0
DA:74,0
DA:75,0
DA:76,0
DA:77,0
DA:78,0
DA:79,0
DA:80,0
DA:81,0
DA:82,0
DA:83,0
DA:84,0
DA:85,0
DA:86,0
DA:87,0
DA:88,0
DA:89,0
DA:90,0
DA:91,0
DA:92,0
DA:93,0
DA:94,0
DA:95,0
DA:96,0
DA:97,0
DA:98,0
DA:99,0
DA:100,0
DA:101,0
DA:102,0
DA:103,0
DA:104,0
DA:105,0
DA:106,0
DA:107,0
DA:108,0
DA:109,0
DA:110,0
DA:111,0
DA:112,0
DA:113,0
DA:114,0
DA:115,0
DA:116,0
DA:117,0
DA:118,0
DA:119,0
DA:120,0
DA:121,0
DA:122,0
DA:123,0
DA:124,0
DA:125,0
DA:126,0
DA:127,0
DA:128,0
DA:129,0
DA:130,0
DA:131,0
DA:132,0
DA:133,0
DA:134,0
DA:135,0
DA:136,0
DA:137,0
DA:138,0
DA:139,0
DA:140,0
DA:141,0
DA:142,0
DA:143,0
DA:144,0
DA:145,0
DA:146,0
DA:147,0
DA:148,0
DA:149,0
DA:150,0
DA:151,0
DA:152,0
DA:153,0
DA:154,0
DA:155,0
DA:156,0
DA:157,0
DA:158,0
DA:159,0
DA:160,0
DA:161,0
DA:162,0
DA:163,0
DA:164,0
DA:165,0
DA:166,0
DA:167,0
DA:168,0
DA:169,0
DA:170,0
DA:171,0
DA:172,0
DA:173,0
DA:174,0
DA:175,0
DA:176,0
DA:177,0
DA:178,0
DA:179,0
DA:180,0
DA:181,0
DA:182,0
DA:183,0
DA:184,0
DA:185,0
DA:186,0
DA:187,0
DA:188,0
DA:189,0
DA:190,0
DA:191,0
DA:192,0
DA:193,0
DA:194,0
DA:195,0
DA:196,0
DA:197,0
DA:198,0
DA:199,0
DA:200,0
DA:201,0
DA:202,0
DA:203,0
DA:204,0
DA:205,0
DA:206,0
DA:207,0
DA:208,0
DA:209,0
DA:210,0
DA:211,0
DA:212,0
DA:213,0
DA:214,0
DA:215,0
DA:216,0
DA:217,0
DA:218,0
DA:219,0
DA:220,0
DA:221,0
DA:222,0
DA:223,0
DA:224,0
DA:225,0
DA:226,0
DA:227,0
DA:228,0
DA:229,0
DA:230,0
DA:231,0
DA:232,1
DA:236,2
LF:210
LH:19
end_of_record
TN:
SF:src/components/wishlists/EditWishlistModal.vue
FNF:1
FNH:0
DA:1,58
DA:2,206
DA:4,40
DA:5,48
DA:6,48
DA:31,34
DA:32,30
DA:33,12
DA:34,47
DA:35,67
DA:36,64
DA:37,4
DA:38,41
DA:39,0
DA:40,0
DA:41,0
DA:42,0
DA:43,0
DA:44,0
DA:45,0
DA:46,0
DA:47,0
DA:48,0
DA:49,0
DA:50,0
DA:51,0
DA:52,0
DA:53,0
DA:54,0
DA:55,0
DA:56,0
DA:57,0
DA:58,0
DA:59,0
DA:60,0
DA:61,0
DA:62,0
DA:63,0
DA:64,0
DA:65,0
DA:66,0
DA:67,1
DA:71,2
LF:43
LH:15
end_of_record
TN:
SF:src/components/wishlists/MoveWishlistItemDialog.vue
FNF:1
FNH:0
DA:1,58
DA:2,352
DA:4,42
DA:5,42
DA:6,30
DA:7,30
DA:9,43
DA:10,142
DA:19,107
DA:26,46
DA:27,48
DA:28,35
DA:29,89
DA:44,34
DA:45,35
DA:46,12
DA:47,41
DA:48,64
DA:49,4
DA:50,39
DA:51,0
DA:52,0
DA:53,0
DA:54,0
DA:55,0
DA:56,0
DA:57,0
DA:58,0
DA:59,0
DA:60,0
DA:61,0
DA:62,0
DA:63,0
DA:64,0
DA:65,0
DA:66,0
DA:67,0
DA:68,0
DA:69,0
DA:70,0
DA:71,0
DA:72,0
DA:73,0
DA:74,0
DA:75,0
DA:76,0
DA:77,0
DA:78,0
DA:79,0
DA:80,0
DA:81,0
DA:82,0
DA:83,0
DA:84,0
DA:85,0
DA:86,0
DA:87,0
DA:88,0
DA:89,0
DA:90,0
DA:91,0
DA:92,0
DA:93,0
DA:94,0
DA:95,0
DA:96,0
DA:97,0
DA:98,0
DA:99,0
DA:100,0
DA:101,0
DA:102,0
DA:103,0
DA:104,0
DA:105,0
DA:106,0
DA:107,0
DA:108,0
DA:109,0
DA:110,0
DA:111,0
DA:112,0
DA:113,0
DA:114,0
DA:115,0
DA:116,0
DA:117,0
DA:118,0
DA:119,0
DA:120,0
DA:121,0
DA:122,0
DA:123,0
DA:124,0
DA:125,0
DA:126,0
DA:127,0
DA:128,0
DA:129,0
DA:130,0
DA:131,0
DA:132,0
DA:133,0
DA:134,0
DA:135,0
DA:136,0
DA:137,0
DA:138,0
DA:139,0
DA:140,0
DA:141,0
DA:142,0
DA:143,0
DA:144,0
DA:145,0
DA:146,0
DA:147,0
DA:148,0
DA:149,0
DA:150,0
DA:151,0
DA:152,0
DA:153,0
DA:154,0
DA:155,0
DA:156,0
DA:157,0
DA:158,0
DA:159,0
DA:160,0
DA:161,0
DA:162,0
DA:163,0
DA:164,0
DA:165,0
DA:166,0
DA:167,0
DA:168,0
DA:169,0
DA:170,0
DA:171,0
DA:172,0
DA:173,0
DA:174,0
DA:175,0
DA:176,0
DA:177,0
DA:178,0
DA:179,0
DA:180,0
DA:181,0
DA:182,0
DA:183,0
DA:184,0
DA:185,0
DA:186,0
DA:187,0
DA:188,0
DA:189,0
DA:190,0
DA:191,0
DA:192,0
DA:193,0
DA:194,0
DA:195,0
DA:196,0
DA:197,0
DA:198,0
DA:199,0
DA:200,0
DA:201,0
DA:202,0
DA:203,0
DA:204,0
DA:205,0
DA:206,0
DA:207,0
DA:208,0
DA:209,0
DA:210,0
DA:211,0
DA:212,0
DA:213,0
DA:214,0
DA:215,0
DA:216,0
DA:217,0
DA:218,0
DA:219,0
DA:220,0
DA:221,0
DA:222,0
DA:223,0
DA:224,0
DA:225,0
DA:226,0
DA:227,0
DA:228,0
DA:229,0
DA:230,0
DA:231,1
DA:235,2
LF:202
LH:22
end_of_record
TN:
SF:src/components/wishlists/WishlistItemForm.vue
FNF:1
FNH:0
DA:1,58
DA:2,413
DA:4,42
DA:5,42
DA:6,43
DA:7,42
DA:8,55
DA:9,42
DA:10,42
DA:11,56
DA:12,56
DA:13,38
DA:14,57
DA:15,38
DA:16,57
DA:17,38
DA:18,57
DA:19,38
DA:20,43
DA:21,43
DA:22,31
DA:23,31
DA:25,36
DA:26,71
DA:27,35
DA:28,48
DA:29,46
DA:30,46
DA:31,52
DA:32,107
DA:39,67
DA:40,100
DA:75,34
DA:76,29
DA:77,12
DA:78,47
DA:79,52
DA:80,49
DA:81,56
DA:82,47
DA:83,4
DA:84,38
DA:85,0
DA:86,0
DA:87,0
DA:88,0
DA:89,0
DA:90,0
DA:91,0
DA:92,0
DA:93,0
DA:94,0
DA:95,0
DA:96,0
DA:97,0
DA:98,0
DA:99,0
DA:100,0
DA:101,0
DA:102,0
DA:103,0
DA:104,0
DA:105,0
DA:106,0
DA:107,0
DA:108,0
DA:109,0
DA:110,0
DA:111,0
DA:112,0
DA:113,0
DA:114,0
DA:115,0
DA:116,0
DA:117,0
DA:118,0
DA:119,0
DA:120,0
DA:121,0
DA:122,0
DA:123,0
DA:124,0
DA:125,0
DA:126,0
DA:127,0
DA:128,0
DA:129,0
DA:130,0
DA:131,0
DA:132,0
DA:133,0
DA:134,0
DA:135,0
DA:136,0
DA:137,0
DA:138,0
DA:139,0
DA:140,0
DA:141,0
DA:142,0
DA:143,0
DA:144,0
DA:145,0
DA:146,0
DA:147,0
DA:148,0
DA:149,0
DA:150,0
DA:151,0
DA:152,0
DA:153,0
DA:154,0
DA:155,0
DA:156,0
DA:157,0
DA:158,0
DA:159,0
DA:160,0
DA:161,0
DA:162,0
DA:163,0
DA:164,0
DA:165,0
DA:166,0
DA:167,0
DA:168,0
DA:169,0
DA:170,0
DA:171,0
DA:172,0
DA:173,0
DA:174,0
DA:175,0
DA:176,0
DA:177,0
DA:178,0
DA:179,0
DA:180,0
DA:181,0
DA:182,0
DA:183,0
DA:184,0
DA:185,0
DA:186,0
DA:187,0
DA:188,0
DA:189,0
DA:190,0
DA:191,0
DA:192,0
DA:193,0
DA:194,0
DA:195,0
DA:196,0
DA:197,0
DA:198,0
DA:199,0
DA:200,0
DA:201,0
DA:202,0
DA:203,0
DA:204,0
DA:205,0
DA:206,0
DA:207,0
DA:208,0
DA:209,0
DA:210,0
DA:211,0
DA:212,0
DA:213,0
DA:214,0
DA:215,0
DA:216,0
DA:217,0
DA:218,0
DA:219,0
DA:220,0
DA:221,0
DA:222,0
DA:223,0
DA:224,0
DA:225,0
DA:226,0
DA:227,0
DA:228,0
DA:229,0
DA:230,0
DA:231,0
DA:232,0
DA:233,0
DA:234,0
DA:235,0
DA:236,0
DA:237,0
DA:238,0
DA:239,0
DA:240,0
DA:241,0
DA:242,0
DA:243,0
DA:244,0
DA:245,0
DA:246,0
DA:247,0
DA:248,0
DA:249,0
DA:250,0
DA:251,0
DA:252,0
DA:253,0
DA:254,0
DA:255,0
DA:256,0
DA:257,0
DA:258,0
DA:259,0
DA:260,0
DA:261,0
DA:262,0
DA:263,0
DA:264,0
DA:265,0
DA:266,0
DA:267,0
DA:268,0
DA:269,0
DA:270,0
DA:271,0
DA:272,0
DA:273,0
DA:274,0
DA:275,0
DA:276,0
DA:277,0
DA:278,0
DA:279,0
DA:280,0
DA:281,0
DA:282,0
DA:283,0
DA:284,0
DA:285,0
DA:286,0
DA:287,0
DA:288,0
DA:289,0
DA:290,0
DA:291,0
DA:292,0
DA:293,0
DA:294,0
DA:295,0
DA:296,0
DA:297,0
DA:298,0
DA:299,0
DA:300,0
DA:301,0
DA:302,0
DA:303,0
DA:304,0
DA:305,0
DA:306,0
DA:307,0
DA:308,0
DA:309,0
DA:310,0
DA:311,0
DA:312,0
DA:313,0
DA:314,0
DA:315,0
DA:316,0
DA:317,0
DA:318,0
DA:319,0
DA:320,0
DA:321,0
DA:322,0
DA:323,0
DA:324,0
DA:325,0
DA:326,0
DA:327,0
DA:328,0
DA:329,0
DA:330,0
DA:331,0
DA:332,0
DA:333,0
DA:334,0
DA:335,0
DA:336,0
DA:337,0
DA:338,0
DA:339,0
DA:340,0
DA:341,0
DA:342,0
DA:343,0
DA:344,0
DA:345,0
DA:346,0
DA:347,0
DA:348,0
DA:349,0
DA:350,0
DA:351,0
DA:352,0
DA:353,0
DA:354,0
DA:355,0
DA:356,0
DA:357,0
DA:358,0
DA:359,0
DA:360,0
DA:361,0
DA:362,0
DA:363,0
DA:364,0
DA:365,0
DA:366,0
DA:367,0
DA:368,0
DA:369,0
DA:370,0
DA:371,0
DA:372,0
DA:373,0
DA:374,0
DA:375,0
DA:376,0
DA:377,0
DA:378,0
DA:379,0
DA:380,0
DA:381,0
DA:382,0
DA:383,0
DA:384,0
DA:385,0
DA:386,0
DA:387,0
DA:388,0
DA:389,0
DA:390,0
DA:391,0
DA:392,0
DA:393,0
DA:394,0
DA:395,0
DA:396,0
DA:397,0
DA:398,0
DA:399,0
DA:400,0
DA:401,0
DA:402,0
DA:403,0
DA:404,0
DA:405,0
DA:406,0
DA:407,0
DA:408,0
DA:409,0
DA:410,0
DA:411,0
DA:412,0
DA:413,0
DA:414,0
DA:415,0
DA:416,0
DA:417,0
DA:418,0
DA:419,0
DA:420,0
DA:421,0
DA:422,0
DA:423,0
DA:424,0
DA:425,0
DA:426,0
DA:427,0
DA:428,0
DA:429,0
DA:430,0
DA:431,0
DA:432,0
DA:433,0
DA:434,0
DA:435,0
DA:436,0
DA:437,0
DA:438,0
DA:439,0
DA:440,0
DA:441,0
DA:442,0
DA:443,0
DA:444,0
DA:445,0
DA:446,0
DA:447,0
DA:448,0
DA:449,0
DA:450,0
DA:451,0
DA:452,0
DA:453,0
DA:454,0
DA:455,0
DA:456,0
DA:457,0
DA:458,0
DA:459,0
DA:460,0
DA:461,0
DA:462,0
DA:463,0
DA:464,0
DA:465,0
DA:466,0
DA:467,0
DA:468,0
DA:469,0
DA:470,0
DA:471,0
DA:472,0
DA:473,0
DA:474,0
DA:475,0
DA:476,1
DA:480,2
LF:435
LH:44
end_of_record
TN:
SF:src/components/wishlists/WishlistItemsView.vue
FNF:48
FNH:19
DA:1,58
DA:2,368
DA:4,21
DA:5,9
DA:6,19
DA:7,2
DA:8,50
DA:9,49
DA:10,59
DA:11,50
DA:12,64
DA:14,36
DA:15,49
DA:16,48
DA:17,68
DA:18,64
DA:19,56
DA:20,66
DA:21,65
DA:22,65
DA:23,63
DA:24,35
DA:25,181
DA:34,43
DA:37,34
DA:38,29
DA:39,15
DA:41,31
DA:42,29
DA:43,53
DA:47,30
DA:48,34
DA:49,39
DA:50,30
DA:51,16
DA:52,13
DA:53,7
DA:56,32
DA:57,18
DA:58,21
DA:59,14
DA:60,7
DA:63,40
DA:64,18
DA:65,18
DA:66,7
DA:69,47
DA:72,34
DA:73,18
DA:74,14
DA:75,7
DA:78,13
DA:79,25
DA:80,33
DA:81,28
DA:82,33
DA:84,13
DA:85,22
DA:86,30
DA:87,24
DA:88,29
DA:89,87
DA:92,63
DA:93,63
DA:94,75
DA:97,60
DA:98,78
DA:99,98
DA:100,30
DA:101,78
DA:102,16
DA:103,16
DA:104,15
DA:105,18
DA:106,6
DA:109,27
DA:110,13
DA:111,21
DA:112,15
DA:113,22
DA:114,15
DA:115,14
DA:116,19
DA:117,21
DA:118,25
DA:119,18
DA:120,16
DA:121,20
DA:122,17
DA:123,6
DA:126,43
DA:127,33
DA:129,30
DA:130,0
DA:131,0
DA:132,0
DA:133,0
DA:134,0
DA:135,0
DA:136,0
DA:137,0
DA:138,18
DA:141,11
DA:144,15
DA:145,6
DA:148,38
DA:149,49
DA:150,32
DA:151,2
DA:152,6
DA:154,39
DA:155,19
DA:156,51
DA:157,30
DA:158,32
DA:159,2
DA:160,6
DA:164,64
DA:165,78
DA:166,75
DA:168,38
DA:169,6
DA:170,153
DA:171,6
DA:173,42
DA:174,6
DA:175,214
DA:176,6
DA:179,0
DA:180,0
DA:181,0
DA:182,0
DA:183,0
DA:184,0
DA:185,0
DA:186,0
DA:187,0
DA:188,0
DA:189,0
DA:190,0
DA:191,0
DA:192,0
DA:193,0
DA:194,0
DA:195,5
DA:199,0
DA:200,0
DA:201,0
DA:202,0
DA:203,0
DA:204,0
DA:205,0
DA:206,0
DA:207,0
DA:208,0
DA:209,0
DA:210,0
DA:211,0
DA:212,0
DA:213,0
DA:214,0
DA:215,5
DA:219,0
DA:220,5
DA:223,0
DA:224,0
DA:225,5
DA:228,0
DA:229,0
DA:230,5
DA:233,0
DA:234,0
DA:235,0
DA:236,0
DA:237,5
DA:240,0
DA:241,0
DA:242,0
DA:243,0
DA:244,5
DA:247,0
DA:248,0
DA:249,0
DA:250,0
DA:251,0
DA:252,0
DA:253,0
DA:254,5
DA:258,0
DA:259,0
DA:260,5
DA:263,0
DA:264,0
DA:265,5
DA:268,0
DA:269,0
DA:270,0
DA:271,0
DA:272,0
DA:273,5
DA:277,0
DA:278,0
DA:279,5
DA:283,0
DA:284,0
DA:285,0
DA:286,0
DA:287,0
DA:288,0
DA:289,0
DA:290,0
DA:291,0
DA:292,0
DA:293,0
DA:294,0
DA:295,0
DA:296,0
DA:297,0
DA:298,0
DA:299,0
DA:300,0
DA:301,0
DA:302,0
DA:303,0
DA:304,0
DA:305,0
DA:306,5
DA:311,0
DA:312,5
DA:316,0
DA:317,5
DA:321,0
DA:322,5
DA:326,0
DA:327,0
DA:328,0
DA:329,0
DA:330,0
DA:331,0
DA:332,0
DA:333,0
DA:334,0
DA:335,0
DA:336,0
DA:337,0
DA:338,0
DA:339,0
DA:340,0
DA:341,0
DA:342,0
DA:343,0
DA:344,0
DA:345,0
DA:346,0
DA:347,0
DA:348,5
DA:352,31
DA:353,63
DA:354,45
DA:355,42
DA:356,35
DA:357,49
DA:358,24
DA:359,48
DA:360,50
DA:361,42
DA:362,60
DA:363,47
DA:364,16
DA:365,94
DA:366,97
DA:367,97
DA:368,94
DA:369,7
DA:370,14
DA:371,68
DA:372,47
DA:373,52
DA:374,54
DA:375,127
DA:376,85
DA:377,46
DA:378,46
DA:379,35
DA:380,27
DA:381,20
DA:382,72
DA:383,59
DA:384,20
DA:385,18
DA:386,30
DA:387,12
DA:388,10
DA:389,11
DA:390,27
DA:391,68
DA:392,47
DA:393,52
DA:394,54
DA:395,50
DA:396,109
DA:397,123
DA:398,113
DA:399,17
DA:400,55
DA:401,48
DA:402,38
DA:403,20
DA:404,0
DA:405,0
DA:406,0
DA:407,0
DA:408,0
DA:409,0
DA:411,18
DA:412,18
DA:413,34
DA:414,12
DA:415,10
DA:416,12
DA:417,58
DA:418,17
DA:419,31
DA:420,56
DA:421,29
DA:422,48
DA:423,38
DA:424,40
DA:425,46
DA:426,29
DA:427,32
DA:428,37
DA:429,45
DA:430,39
DA:431,38
DA:432,43
DA:433,32
DA:434,100
DA:435,44
DA:436,47
DA:437,38
DA:438,44
DA:439,36
DA:440,39
DA:441,30
DA:442,12
DA:443,32
DA:444,32
DA:445,44
DA:446,53
DA:447,23
DA:448,57
DA:449,17
DA:450,41
DA:451,52
DA:452,60
DA:453,32
DA:454,36
DA:455,40
DA:456,8
DA:457,50
DA:458,48
DA:459,42
DA:460,48
DA:461,60
DA:462,28
DA:463,44
DA:464,45
DA:465,40
DA:466,54
DA:467,38
DA:468,51
DA:469,46
DA:470,29
DA:471,56
DA:472,45
DA:473,48
DA:474,54
DA:475,39
DA:476,55
DA:477,54
DA:478,33
DA:479,53
DA:480,3
DA:484,2
LF:385
LH:260
end_of_record
TN:
SF:src/components/wishlists/WishlistModal.vue
FNF:1
FNH:0
DA:1,58
DA:2,458
DA:4,42
DA:5,42
DA:6,30
DA:7,30
DA:9,53
DA:10,46
DA:11,164
DA:21,48
DA:22,46
DA:23,46
DA:24,52
DA:25,35
DA:26,95
DA:43,34
DA:44,26
DA:45,12
DA:46,43
DA:47,67
DA:48,67
DA:49,43
DA:50,4
DA:51,41
DA:52,0
DA:53,0
DA:54,0
DA:55,0
DA:56,0
DA:57,0
DA:58,0
DA:59,0
DA:60,0
DA:61,0
DA:62,0
DA:63,0
DA:64,0
DA:65,0
DA:66,0
DA:67,0
DA:68,0
DA:69,0
DA:70,0
DA:71,0
DA:72,0
DA:73,0
DA:74,0
DA:75,0
DA:76,0
DA:77,0
DA:78,0
DA:79,0
DA:80,0
DA:81,0
DA:82,0
DA:83,0
DA:84,0
DA:85,0
DA:86,0
DA:87,0
DA:88,0
DA:89,0
DA:90,0
DA:91,0
DA:92,0
DA:93,0
DA:94,0
DA:95,0
DA:96,0
DA:97,0
DA:98,0
DA:99,0
DA:100,0
DA:101,0
DA:102,0
DA:103,0
DA:104,0
DA:105,0
DA:106,0
DA:107,0
DA:108,0
DA:109,0
DA:110,0
DA:111,0
DA:112,0
DA:113,0
DA:114,0
DA:115,0
DA:116,0
DA:117,0
DA:118,0
DA:119,0
DA:120,0
DA:121,0
DA:122,0
DA:123,0
DA:124,0
DA:125,0
DA:126,0
DA:127,0
DA:128,0
DA:129,0
DA:130,0
DA:131,0
DA:132,0
DA:133,0
DA:134,0
DA:135,0
DA:136,0
DA:137,0
DA:138,0
DA:139,0
DA:140,0
DA:141,0
DA:142,0
DA:143,0
DA:144,0
DA:145,0
DA:146,0
DA:147,0
DA:148,0
DA:149,0
DA:150,0
DA:151,0
DA:152,0
DA:153,0
DA:154,0
DA:155,0
DA:156,0
DA:157,0
DA:158,0
DA:159,0
DA:160,0
DA:161,0
DA:162,0
DA:163,0
DA:164,0
DA:165,0
DA:166,0
DA:167,0
DA:168,0
DA:169,0
DA:170,0
DA:171,0
DA:172,0
DA:173,0
DA:174,0
DA:175,0
DA:176,0
DA:177,0
DA:178,0
DA:179,0
DA:180,0
DA:181,0
DA:182,0
DA:183,0
DA:184,0
DA:185,0
DA:186,0
DA:187,0
DA:188,0
DA:189,0
DA:190,0
DA:191,0
DA:192,0
DA:193,0
DA:194,0
DA:195,0
DA:196,0
DA:197,0
DA:198,0
DA:199,0
DA:200,0
DA:201,0
DA:202,0
DA:203,0
DA:204,0
DA:205,0
DA:206,0
DA:207,0
DA:208,0
DA:209,0
DA:210,0
DA:211,0
DA:212,0
DA:213,0
DA:214,0
DA:215,0
DA:216,0
DA:217,0
DA:218,0
DA:219,0
DA:220,0
DA:221,0
DA:222,0
DA:223,0
DA:224,0
DA:225,0
DA:226,0
DA:227,0
DA:228,0
DA:229,0
DA:230,0
DA:231,0
DA:232,0
DA:233,0
DA:234,0
DA:235,0
DA:236,0
DA:237,0
DA:238,0
DA:239,0
DA:240,0
DA:241,0
DA:242,0
DA:243,0
DA:244,0
DA:245,0
DA:246,0
DA:247,0
DA:248,0
DA:249,0
DA:250,0
DA:251,0
DA:252,0
DA:253,0
DA:254,0
DA:255,0
DA:256,0
DA:257,0
DA:258,0
DA:259,0
DA:260,0
DA:261,0
DA:262,0
DA:263,0
DA:264,0
DA:265,0
DA:266,0
DA:267,0
DA:268,0
DA:269,0
DA:270,0
DA:271,0
DA:272,0
DA:273,0
DA:274,0
DA:275,0
DA:276,0
DA:277,0
DA:278,0
DA:279,0
DA:280,0
DA:281,0
DA:282,0
DA:283,0
DA:284,0
DA:285,0
DA:286,0
DA:287,0
DA:288,0
DA:289,0
DA:290,0
DA:291,0
DA:292,0
DA:293,0
DA:294,0
DA:295,0
DA:296,0
DA:297,0
DA:298,0
DA:299,0
DA:300,0
DA:301,0
DA:302,0
DA:303,0
DA:304,0
DA:305,0
DA:306,0
DA:307,0
DA:308,0
DA:309,0
DA:310,0
DA:311,0
DA:312,0
DA:313,0
DA:314,0
DA:315,0
DA:316,0
DA:317,0
DA:318,0
DA:319,0
DA:320,0
DA:321,0
DA:322,0
DA:323,0
DA:324,0
DA:325,0
DA:326,0
DA:327,0
DA:328,0
DA:329,0
DA:330,0
DA:331,1
DA:335,2
LF:305
LH:26
end_of_record
TN:
SF:src/components/wishlists/item/ConfirmDeleteDialog.vue
FNF:1
FNH:0
DA:1,110
DA:2,259
DA:4,30
DA:5,30
DA:7,204
DA:23,34
DA:24,32
DA:25,25
DA:26,44
DA:27,50
DA:28,45
DA:29,8
DA:30,51
DA:31,19
DA:32,5
DA:33,51
DA:34,0
DA:35,0
DA:36,0
DA:37,0
DA:38,0
DA:39,0
DA:40,0
DA:41,0
DA:42,0
DA:43,0
DA:44,0
DA:45,0
DA:46,0
DA:47,0
DA:48,0
DA:49,0
DA:50,0
DA:51,0
DA:52,0
DA:53,0
DA:54,0
DA:55,0
DA:56,0
DA:57,0
DA:58,0
DA:59,0
DA:60,0
DA:61,0
DA:62,0
DA:63,0
DA:64,0
DA:65,0
DA:66,0
DA:67,0
DA:68,0
DA:69,0
DA:70,0
DA:71,0
DA:72,0
DA:73,0
DA:74,0
DA:75,0
DA:76,0
DA:77,0
DA:78,0
DA:79,0
DA:80,0
DA:81,0
DA:82,0
DA:83,0
DA:84,0
DA:85,0
DA:86,0
DA:87,0
DA:88,0
DA:89,0
DA:90,0
DA:91,0
DA:92,0
DA:93,0
DA:94,0
DA:95,1
DA:99,2
LF:79
LH:18
end_of_record
TN:
SF:src/components/wishlists/item/WishlistItemActions.vue
FNF:20
FNH:17
DA:1,58
DA:2,355
DA:4,56
DA:6,31
DA:7,134
DA:18,48
DA:19,148
DA:33,34
DA:34,32
DA:35,12
DA:36,38
DA:37,4
DA:38,81
DA:39,33
DA:41,26
DA:48,37
DA:49,24
DA:50,67
DA:51,65
DA:52,6
DA:54,35
DA:55,21
DA:56,53
DA:57,47
DA:58,6
DA:60,24
DA:62,31
DA:63,69
DA:64,54
DA:65,19
DA:66,54
DA:67,17
DA:68,90
DA:69,21
DA:70,29
DA:71,40
DA:72,14
DA:73,36
DA:74,69
DA:75,67
DA:76,12
DA:77,12
DA:78,5
DA:79,41
DA:80,60
DA:81,52
DA:82,36
DA:83,74
DA:84,40
DA:85,48
DA:86,29
DA:87,35
DA:88,36
DA:89,22
DA:90,44
DA:91,76
DA:92,20
DA:93,20
DA:94,16
DA:95,16
DA:96,16
DA:97,15
DA:98,57
DA:99,27
DA:100,25
DA:101,18
DA:102,40
DA:103,53
DA:104,58
DA:105,54
DA:106,39
DA:107,22
DA:108,44
DA:109,75
DA:110,81
DA:111,20
DA:112,20
DA:113,19
DA:114,53
DA:115,58
DA:116,54
DA:117,39
DA:118,22
DA:119,44
DA:120,80
DA:121,104
DA:122,20
DA:123,20
DA:124,19
DA:125,60
DA:126,57
DA:127,58
DA:128,132
DA:129,39
DA:130,22
DA:131,45
DA:132,128
DA:133,89
DA:134,20
DA:135,20
DA:136,19
DA:137,55
DA:138,58
DA:139,127
DA:140,39
DA:141,22
DA:142,45
DA:143,126
DA:144,87
DA:145,20
DA:146,20
DA:147,19
DA:148,60
DA:149,55
DA:150,58
DA:151,54
DA:152,79
DA:153,22
DA:154,44
DA:155,76
DA:156,81
DA:157,20
DA:158,20
DA:159,16
DA:160,16
DA:161,16
DA:162,12
DA:163,12
DA:164,12
DA:165,8
DA:166,3
DA:170,2
LF:132
LH:132
end_of_record
TN:
SF:src/components/wishlists/item/WishlistItemCard.vue
FNF:1
FNH:0
DA:1,58
DA:2,276
DA:4,58
DA:5,55
DA:6,47
DA:7,29
DA:8,21
DA:9,9
DA:10,57
DA:11,2
DA:12,21
DA:13,9
DA:14,51
DA:15,2
DA:16,71
DA:19,60
DA:20,56
DA:21,62
DA:22,68
DA:23,64
DA:26,12
DA:27,84
DA:29,34
DA:30,29
DA:31,12
DA:32,38
DA:33,4
DA:34,81
DA:35,0
DA:36,0
DA:37,0
DA:38,0
DA:39,0
DA:40,0
DA:41,0
DA:42,0
DA:43,0
DA:44,0
DA:45,0
DA:46,0
DA:47,0
DA:48,0
DA:49,0
DA:50,0
DA:51,0
DA:52,0
DA:53,0
DA:54,0
DA:55,0
DA:56,0
DA:57,0
DA:58,0
DA:59,0
DA:60,0
DA:61,0
DA:62,0
DA:63,0
DA:64,0
DA:65,0
DA:66,0
DA:67,0
DA:68,0
DA:69,0
DA:70,0
DA:71,0
DA:72,0
DA:73,0
DA:74,0
DA:75,0
DA:76,0
DA:77,0
DA:78,0
DA:79,0
DA:80,0
DA:81,0
DA:82,0
DA:83,0
DA:84,0
DA:85,0
DA:86,0
DA:87,0
DA:88,0
DA:89,0
DA:90,0
DA:91,0
DA:92,0
DA:93,0
DA:94,0
DA:95,0
DA:96,0
DA:97,0
DA:98,0
DA:99,0
DA:100,0
DA:101,0
DA:102,0
DA:103,0
DA:104,0
DA:105,0
DA:106,0
DA:107,0
DA:108,0
DA:109,0
DA:110,0
DA:111,0
DA:112,0
DA:113,0
DA:114,0
DA:115,1
DA:119,2
LF:110
LH:30
end_of_record
TN:
SF:src/components/wishlists/item/WishlistItemPrice.vue
FNF:2
FNH:2
DA:1,58
DA:2,143
DA:4,21
DA:5,9
DA:6,21
DA:7,2
DA:8,21
DA:9,9
DA:10,39
DA:11,2
DA:13,54
DA:16,34
DA:17,30
DA:18,12
DA:19,50
DA:20,3
DA:21,15
DA:25,31
DA:26,23
DA:27,113
DA:28,68
DA:32,2
LF:22
LH:22
end_of_record
TN:
SF:src/components/wishlists/item/WishlistItemPriority.vue
FNF:4
FNH:4
DA:1,58
DA:2,300
DA:4,56
DA:5,37
DA:6,62
DA:8,31
DA:9,39
DA:12,34
DA:13,33
DA:14,12
DA:15,53
DA:16,3
DA:17,15
DA:19,26
DA:21,53
DA:23,31
DA:24,69
DA:25,51
DA:26,88
DA:27,49
DA:28,24
DA:29,66
DA:30,22
DA:31,35
DA:32,36
DA:33,14
DA:34,22
DA:35,15
DA:36,11
DA:37,92
DA:38,3
DA:42,2
LF:32
LH:32
end_of_record
TN:
SF:src/components/wishlists/item/WishlistItemRow.vue
FNF:1
FNH:0
DA:1,58
DA:2,241
DA:4,95
DA:5,43
DA:6,51
DA:7,29
DA:8,21
DA:9,9
DA:10,57
DA:11,2
DA:12,21
DA:13,9
DA:14,51
DA:15,2
DA:16,43
DA:17,43
DA:18,43
DA:19,53
DA:20,44
DA:23,60
DA:24,56
DA:25,62
DA:26,68
DA:27,64
DA:31,34
DA:32,28
DA:33,12
DA:34,38
DA:35,4
DA:36,81
DA:37,0
DA:38,0
DA:39,0
DA:40,0
DA:41,0
DA:42,0
DA:43,0
DA:44,0
DA:45,0
DA:46,0
DA:47,0
DA:48,0
DA:49,0
DA:50,0
DA:51,0
DA:52,0
DA:53,0
DA:54,0
DA:55,0
DA:56,0
DA:57,0
DA:58,0
DA:59,0
DA:60,0
DA:61,0
DA:62,0
DA:63,0
DA:64,0
DA:65,0
DA:66,0
DA:67,0
DA:68,0
DA:69,0
DA:70,0
DA:71,0
DA:72,0
DA:73,0
DA:74,0
DA:75,0
DA:76,0
DA:77,0
DA:78,0
DA:79,0
DA:80,0
DA:81,0
DA:82,0
DA:83,0
DA:84,0
DA:85,0
DA:86,0
DA:87,0
DA:88,0
DA:89,0
DA:90,0
DA:91,0
DA:92,0
DA:93,0
DA:94,0
DA:95,0
DA:96,0
DA:97,0
DA:98,0
DA:99,0
DA:100,1
DA:104,2
LF:95
LH:32
end_of_record
TN:
SF:src/components/wishlists/item/WishlistItemStatusBadge.vue
FNF:5
FNH:5
DA:1,58
DA:2,179
DA:4,67
DA:5,46
DA:8,34
DA:9,36
DA:10,12
DA:11,60
DA:12,54
DA:13,3
DA:14,15
DA:18,31
DA:19,29
DA:20,51
DA:21,15
DA:22,27
DA:23,44
DA:24,12
DA:25,34
DA:26,66
DA:27,68
DA:28,10
DA:29,10
DA:30,5
DA:31,20
DA:32,51
DA:33,15
DA:34,29
DA:35,44
DA:36,12
DA:37,34
DA:38,60
DA:39,68
DA:40,10
DA:41,10
DA:42,6
DA:43,51
DA:44,15
DA:45,27
DA:46,44
DA:47,12
DA:48,34
DA:49,67
DA:50,66
DA:51,10
DA:52,10
DA:53,4
DA:57,2
LF:48
LH:48
end_of_record
TN:
SF:src/components/wishlists/item/WishlistItemThumbnail.vue
FNF:3
FNH:2
DA:1,58
DA:2,170
DA:4,34
DA:6,42
DA:7,59
DA:10,34
DA:11,34
DA:12,12
DA:13,66
DA:14,42
DA:15,56
DA:16,3
DA:17,15
DA:21,31
DA:22,57
DA:23,168
DA:24,12
DA:25,14
DA:26,52
DA:27,17
DA:28,27
DA:29,27
DA:30,46
DA:31,34
DA:33,9
DA:34,28
DA:35,55
DA:36,17
DA:37,46
DA:38,8
DA:39,6
DA:43,2
LF:32
LH:32
end_of_record
TN:
SF:src/components/wishlists/item/WishlistItemsHeader.vue
FNF:1
FNH:0
DA:1,58
DA:2,316
DA:4,48
DA:5,104
DA:6,47
DA:7,63
DA:8,81
DA:9,84
DA:11,64
DA:12,48
DA:13,148
DA:20,69
DA:23,34
DA:24,32
DA:25,12
DA:26,49
DA:27,52
DA:28,56
DA:29,4
DA:30,66
DA:31,0
DA:32,0
DA:33,0
DA:34,0
DA:35,0
DA:36,0
DA:37,0
DA:38,0
DA:39,0
DA:40,0
DA:41,0
DA:42,0
DA:43,0
DA:44,0
DA:45,0
DA:46,0
DA:47,0
DA:48,0
DA:49,0
DA:50,0
DA:51,0
DA:52,0
DA:53,0
DA:54,0
DA:55,0
DA:56,0
DA:57,0
DA:58,0
DA:59,0
DA:60,0
DA:61,0
DA:62,0
DA:63,0
DA:64,0
DA:65,0
DA:66,0
DA:67,0
DA:68,0
DA:69,0
DA:70,0
DA:71,0
DA:72,0
DA:73,0
DA:74,0
DA:75,0
DA:76,0
DA:77,0
DA:78,0
DA:79,0
DA:80,0
DA:81,0
DA:82,0
DA:83,0
DA:84,0
DA:85,0
DA:86,0
DA:87,0
DA:88,0
DA:89,0
DA:90,0
DA:91,0
DA:92,0
DA:93,0
DA:94,0
DA:95,0
DA:96,0
DA:97,0
DA:98,0
DA:99,0
DA:100,0
DA:101,0
DA:102,0
DA:103,0
DA:104,0
DA:105,0
DA:106,0
DA:107,0
DA:108,0
DA:109,0
DA:110,0
DA:111,0
DA:112,0
DA:113,0
DA:114,1
DA:118,2
LF:105
LH:22
end_of_record
TN:
SF:src/components/wishlists/item/WishlistItemsPagination.vue
FNF:8
FNH:8
DA:1,58
DA:2,273
DA:4,71
DA:5,62
DA:6,43
DA:8,31
DA:9,48
DA:12,34
DA:13,36
DA:14,12
DA:15,45
DA:16,44
DA:17,44
DA:18,44
DA:19,4
DA:20,29
DA:21,15
DA:23,26
DA:27,54
DA:28,32
DA:29,48
DA:30,6
DA:32,31
DA:33,69
DA:34,203
DA:35,50
DA:36,42
DA:37,81
DA:38,43
DA:39,31
DA:40,20
DA:41,16
DA:42,68
DA:43,47
DA:44,16
DA:45,14
DA:46,30
DA:47,42
DA:48,77
DA:49,39
DA:50,31
DA:51,20
DA:52,16
DA:53,68
DA:54,48
DA:55,16
DA:56,14
DA:57,27
DA:58,8
DA:59,3
DA:63,2
LF:51
LH:51
end_of_record
TN:
SF:src/components/wishlists/item/WishlistItemsTable.vue
FNF:1
FNH:0
DA:1,110
DA:2,359
DA:4,53
DA:5,77
DA:6,41
DA:9,54
DA:10,52
DA:11,68
DA:12,62
DA:20,34
DA:21,31
DA:22,25
DA:23,43
DA:24,51
DA:25,47
DA:26,48
DA:27,46
DA:28,8
DA:29,52
DA:30,21
DA:31,5
DA:32,142
DA:33,0
DA:34,0
DA:35,0
DA:36,0
DA:37,0
DA:38,0
DA:39,0
DA:40,0
DA:41,0
DA:42,0
DA:43,0
DA:44,0
DA:45,0
DA:46,0
DA:47,0
DA:48,0
DA:49,0
DA:50,0
DA:51,0
DA:52,0
DA:53,0
DA:54,0
DA:55,0
DA:56,0
DA:57,0
DA:58,0
DA:59,0
DA:60,0
DA:61,0
DA:62,0
DA:63,0
DA:64,0
DA:65,0
DA:66,0
DA:67,0
DA:68,0
DA:69,0
DA:70,0
DA:71,0
DA:72,0
DA:73,0
DA:74,0
DA:75,0
DA:76,0
DA:77,0
DA:78,0
DA:79,0
DA:80,0
DA:81,0
DA:82,0
DA:83,0
DA:84,0
DA:85,0
DA:86,0
DA:87,0
DA:88,0
DA:89,0
DA:90,0
DA:91,0
DA:92,0
DA:93,0
DA:94,0
DA:95,0
DA:96,0
DA:97,0
DA:98,0
DA:99,0
DA:100,0
DA:101,1
DA:105,2
LF:92
LH:24
end_of_record
TN:
SF:src/components/wishlists/item/WishlistItemsToolbar.vue
FNF:1
FNH:0
DA:1,110
DA:2,316
DA:4,105
DA:5,92
DA:6,56
DA:7,93
DA:8,21
DA:9,9
DA:10,64
DA:11,2
DA:12,132
DA:13,73
DA:14,46
DA:15,21
DA:16,9
DA:17,52
DA:18,2
DA:20,107
DA:27,54
DA:30,34
DA:31,33
DA:32,25
DA:33,49
DA:34,49
DA:35,47
DA:36,45
DA:37,8
DA:38,52
DA:39,21
DA:40,5
DA:41,26
DA:42,0
DA:43,0
DA:44,0
DA:45,0
DA:46,0
DA:47,0
DA:48,0
DA:49,0
DA:50,0
DA:51,0
DA:52,0
DA:53,0
DA:54,0
DA:55,0
DA:56,0
DA:57,0
DA:58,0
DA:59,0
DA:60,0
DA:61,0
DA:62,0
DA:63,0
DA:64,0
DA:65,0
DA:66,0
DA:67,0
DA:68,0
DA:69,0
DA:70,0
DA:71,0
DA:72,0
DA:73,0
DA:74,0
DA:75,0
DA:76,0
DA:77,0
DA:78,0
DA:79,0
DA:80,0
DA:81,0
DA:82,0
DA:83,0
DA:84,0
DA:85,0
DA:86,0
DA:87,0
DA:88,0
DA:89,0
DA:90,0
DA:91,0
DA:92,0
DA:93,0
DA:94,0
DA:95,0
DA:96,0
DA:97,0
DA:98,0
DA:99,0
DA:100,0
DA:101,0
DA:102,0
DA:103,0
DA:104,0
DA:105,0
DA:106,0
DA:107,0
DA:108,0
DA:109,0
DA:110,0
DA:111,0
DA:112,0
DA:113,0
DA:114,1
DA:118,2
LF:105
LH:33
end_of_record
TN:
SF:src/db/database.ts
FNF:1
FNH:1
DA:1,49
DA:2,38
DA:4,54
DA:7,50
DA:9,39
DA:11,13
LF:6
LH:6
end_of_record
TN:
SF:src/db/schema/wishlists.ts
FNF:7
FNH:4
DA:1,75
DA:2,40
DA:3,49
DA:4,41
DA:7,52
DA:8,15
DA:9,13
DA:10,31
DA:11,31
DA:12,35
DA:13,56
DA:14,10
DA:15,27
DA:16,56
DA:17,3
DA:20,61
DA:21,15
DA:22,13
DA:23,31
DA:24,32
DA:25,10
DA:26,39
DA:27,31
DA:28,35
DA:29,23
DA:30,29
DA:31,30
DA:32,78
DA:33,58
DA:34,10
DA:35,17
DA:36,43
DA:37,23
DA:38,56
DA:39,10
DA:40,27
DA:41,56
DA:42,3
DA:45,0
DA:47,3
DA:49,0
DA:50,0
DA:51,0
DA:52,0
DA:54,3
DA:57,60
DA:58,67
LF:47
LH:42
end_of_record
TN:
SF:src/lib/api/item-status-route.ts
FNF:3
FNH:3
DA:10,24
DA:11,35
DA:12,54
DA:13,33
DA:14,126
DA:35,9
DA:36,8
DA:37,11
DA:38,6
DA:39,15
DA:40,3
DA:41,56
DA:43,35
DA:44,11
DA:45,72
DA:47,51
DA:48,59
DA:50,60
DA:51,34
DA:53,63
DA:54,59
DA:56,23
DA:57,22
DA:58,45
DA:59,37
DA:60,12
DA:61,12
DA:63,10
DA:64,13
DA:65,52
DA:66,2
DA:67,21
DA:68,61
LF:33
LH:33
end_of_record
TN:
SF:src/lib/api/responses.ts
FNF:5
FNH:4
DA:9,60
DA:12,26
DA:13,50
DA:14,11
DA:15,23
DA:16,3
DA:20,24
DA:21,70
DA:25,26
DA:26,12
DA:27,55
DA:28,3
DA:29,2
DA:33,18
DA:34,46
DA:42,0
DA:43,0
DA:44,0
DA:45,0
DA:46,0
DA:47,0
DA:48,0
DA:49,0
DA:50,0
DA:51,0
LF:25
LH:15
end_of_record
TN:
SF:src/lib/api/wishlist-guards.ts
FNF:4
FNH:4
DA:9,24
DA:10,38
DA:11,35
DA:12,65
DA:13,64
DA:16,47
DA:17,23
DA:18,17
DA:19,3
DA:29,6
DA:30,12
DA:31,40
DA:32,3
DA:33,20
DA:34,9
DA:35,16
DA:36,36
DA:37,8
DA:39,70
DA:47,6
DA:48,12
DA:49,8
DA:50,48
DA:51,3
DA:52,16
DA:53,9
DA:54,20
DA:55,6
DA:56,75
DA:57,2
DA:58,8
DA:60,62
DA:64,29
DA:65,11
DA:66,30
DA:67,40
DA:68,2
DA:78,6
DA:79,10
DA:81,6
DA:82,10
DA:83,28
DA:85,3
DA:86,34
DA:88,37
DA:89,64
DA:90,0
DA:92,0
LF:48
LH:46
end_of_record
TN:
SF:src/lib/itunes/helpers.ts
FNF:6
FNH:5
DA:16,21
DA:17,9
DA:18,63
DA:19,22
DA:20,21
DA:21,18
DA:22,2
DA:23,0
DA:24,1
DA:35,6
DA:36,7
DA:37,10
DA:38,3
DA:39,34
DA:41,9
DA:42,45
DA:43,24
DA:44,31
DA:45,17
DA:46,11
DA:47,39
DA:57,17
DA:58,21
DA:59,32
DA:60,15
DA:61,19
DA:62,16
DA:63,19
DA:64,17
DA:65,25
DA:66,18
DA:67,21
DA:68,20
DA:69,24
DA:70,22
DA:71,24
DA:72,21
DA:73,22
DA:74,20
DA:75,24
DA:76,24
DA:77,18
DA:78,19
DA:79,17
DA:80,16
DA:81,29
DA:83,18
DA:85,2
DA:88,54
DA:89,62
DA:90,61
DA:92,16
DA:101,17
DA:102,16
DA:103,24
DA:104,24
DA:105,23
DA:106,22
DA:108,18
DA:109,31
DA:110,2
DA:113,15
DA:114,42
DA:115,40
DA:116,40
DA:117,42
DA:125,0
DA:126,0
DA:127,1
DA:137,23
DA:138,11
LF:71
LH:68
end_of_record
TN:
SF:src/lib/itunes/mapper.ts
FNF:3
FNH:3
DA:10,42
DA:18,13
DA:23,3
DA:25,29
DA:26,36
DA:27,21
DA:28,22
DA:31,49
DA:32,32
DA:33,39
DA:36,53
DA:37,27
DA:38,28
DA:39,62
DA:40,26
DA:41,25
DA:42,13
DA:43,72
DA:44,74
DA:46,11
DA:48,12
DA:49,74
DA:50,72
DA:53,12
DA:54,17
DA:55,13
DA:56,14
DA:57,12
DA:58,2
DA:67,21
DA:69,58
DA:70,38
DA:73,13
DA:74,31
DA:75,27
DA:76,22
DA:79,21
DA:80,31
DA:81,35
DA:82,30
DA:85,16
DA:86,31
DA:87,30
DA:88,25
DA:91,19
DA:92,28
DA:93,28
DA:94,28
DA:95,28
DA:96,27
DA:97,26
DA:100,28
DA:103,59
DA:105,30
DA:106,11
DA:107,16
DA:108,21
DA:109,20
DA:110,13
DA:111,19
DA:112,18
DA:113,23
DA:114,26
DA:115,31
DA:116,21
DA:117,26
DA:118,19
DA:119,21
DA:120,21
DA:121,22
DA:122,22
DA:123,20
DA:124,25
DA:125,24
DA:126,16
DA:127,17
DA:128,20
DA:129,6
DA:131,64
DA:132,32
DA:133,2
DA:134,2
DA:136,12
DA:137,13
DA:138,17
DA:139,40
DA:140,14
DA:141,15
DA:142,9
DA:143,38
DA:144,17
DA:145,12
DA:146,38
DA:147,15
DA:148,37
DA:149,34
DA:150,8
DA:151,50
DA:152,60
DA:153,44
DA:154,48
DA:155,34
DA:156,48
DA:157,2
DA:167,6
DA:168,12
DA:169,13
DA:170,3
DA:172,63
DA:175,22
DA:176,31
DA:177,28
DA:178,23
DA:181,16
DA:182,31
DA:183,30
DA:184,25
DA:187,33
DA:190,73
DA:191,0
DA:192,2
DA:194,75
DA:195,0
DA:196,2
DA:198,78
DA:199,67
DA:200,2
DA:202,75
DA:203,0
DA:204,2
DA:207,59
DA:208,4
DA:209,39
DA:210,8
DA:211,19
DA:212,21
DA:213,24
DA:214,23
DA:215,19
DA:216,20
DA:217,7
DA:218,37
DA:219,2
DA:220,2
DA:222,12
DA:223,16
DA:224,18
DA:225,12
DA:226,34
DA:227,48
DA:228,21
DA:229,45
DA:230,37
DA:231,5
DA:232,1
LF:155
LH:152
end_of_record
TN:
SF:src/lib/utils.ts
FNF:1
FNH:1
DA:1,28
DA:2,41
DA:4,20
DA:5,28
LF:4
LH:4
end_of_record
TN:
SF:src/lib/wishlists/helpers.ts
FNF:3
FNH:2
DA:6,0
DA:7,0
DA:8,1
DA:18,34
DA:19,43
DA:20,22
DA:21,10
DA:22,17
DA:28,11
DA:33,3
DA:34,55
DA:36,38
DA:37,14
DA:38,25
DA:39,24
DA:40,51
DA:41,26
DA:42,8
DA:43,24
DA:44,53
DA:45,57
DA:46,58
DA:47,8
DA:48,24
DA:49,56
DA:50,42
DA:51,5
DA:52,1
DA:53,2
DA:55,36
DA:56,14
DA:57,23
DA:58,24
DA:59,45
DA:60,26
DA:61,8
DA:62,24
DA:63,59
DA:64,25
DA:65,5
DA:66,1
DA:67,2
DA:69,38
DA:70,14
DA:71,23
DA:72,24
DA:73,75
DA:74,5
DA:75,1
DA:76,2
DA:78,39
DA:79,14
DA:80,26
DA:81,24
DA:82,68
DA:83,5
DA:84,1
DA:85,2
DA:88,12
DA:89,21
DA:90,1
LF:61
LH:59
end_of_record
TN:
SF:src/lib/wishlists/normalize.ts
FNF:1
FNH:1
DA:16,6
DA:17,10
DA:18,3
DA:19,23
DA:20,59
DA:21,2
DA:23,15
DA:24,13
DA:25,39
DA:26,41
DA:27,1
LF:11
LH:11
end_of_record
TN:
SF:src/pages/api/wishlists/[id].ts
FNF:4
FNH:4
DA:2,24
DA:3,33
DA:4,35
DA:5,81
DA:6,57
DA:7,76
DA:10,36
DA:11,13
DA:12,3
DA:14,47
DA:17,36
DA:18,9
DA:19,50
DA:21,41
DA:22,55
DA:24,17
DA:25,9
DA:26,20
DA:27,40
DA:28,57
DA:29,10
DA:31,40
DA:32,19
DA:33,36
DA:34,37
DA:35,48
DA:36,4
DA:41,44
DA:42,9
DA:43,50
DA:44,65
DA:46,41
DA:47,55
DA:49,27
DA:50,18
DA:51,43
DA:52,28
DA:53,12
DA:54,10
DA:56,66
DA:57,0
DA:58,0
DA:59,0
DA:60,0
DA:61,2
DA:66,39
DA:67,9
DA:68,50
DA:72,27
DA:73,18
DA:74,28
DA:75,12
DA:76,10
DA:78,56
DA:81,12
DA:82,7
DA:83,20
DA:84,53
DA:85,17
DA:86,3
DA:87,3
DA:88,1
DA:89,0
DA:90,0
DA:91,0
DA:92,0
DA:93,1
LF:67
LH:59
end_of_record
TN:
SF:src/pages/api/wishlists/[wishlistId]/items/[itemId].ts
FNF:6
FNH:6
DA:2,35
DA:3,74
DA:4,59
DA:5,134
DA:14,69
DA:15,11
DA:16,19
DA:17,16
DA:18,3
DA:21,36
DA:22,9
DA:23,70
DA:25,49
DA:26,55
DA:28,57
DA:29,47
DA:31,22
DA:32,19
DA:33,36
DA:34,42
DA:35,57
DA:36,4
DA:41,44
DA:42,9
DA:43,70
DA:45,49
DA:46,31
DA:48,75
DA:52,52
DA:53,36
DA:54,6
DA:56,32
DA:57,0
DA:58,0
DA:59,0
DA:60,4
DA:62,61
DA:63,55
DA:67,43
DA:68,60
DA:69,33
DA:70,1
DA:71,6
DA:73,23
DA:74,22
DA:75,21
DA:76,37
DA:77,12
DA:78,10
DA:80,71
DA:81,19
DA:82,36
DA:83,42
DA:84,65
DA:85,4
DA:90,39
DA:91,9
DA:92,70
DA:94,49
DA:95,31
DA:99,23
DA:100,22
DA:101,37
DA:102,12
DA:103,10
DA:105,24
DA:106,12
DA:107,67
DA:108,3
DA:109,1
DA:110,4
DA:113,12
DA:114,7
DA:115,20
DA:116,61
DA:117,21
DA:118,3
DA:119,3
DA:120,1
DA:121,0
DA:122,0
DA:123,0
DA:124,0
DA:125,1
LF:84
LH:77
end_of_record
TN:
SF:src/pages/api/wishlists/[wishlistId]/items/[itemId]/active.ts
FNF:1
FNH:1
DA:1,68
DA:4,45
DA:5,20
DA:6,54
DA:7,38
DA:8,66
DA:9,2
LF:7
LH:7
end_of_record
TN:
SF:src/pages/api/wishlists/[wishlistId]/items/[itemId]/move.ts
FNF:2
FNH:2
DA:2,24
DA:3,33
DA:4,35
DA:5,54
DA:6,66
DA:7,122
DA:15,34
DA:16,27
DA:17,3
DA:19,59
DA:22,46
DA:23,9
DA:24,70
DA:25,76
DA:27,83
DA:28,51
DA:30,31
DA:31,18
DA:32,33
DA:33,6
DA:34,51
DA:36,33
DA:37,12
DA:38,8
DA:39,24
DA:40,6
DA:41,47
DA:43,43
DA:44,64
DA:45,4
DA:47,23
DA:48,22
DA:49,59
DA:50,36
DA:51,12
DA:52,10
DA:54,26
DA:56,57
DA:57,19
DA:59,36
DA:60,40
DA:61,27
DA:62,29
DA:63,3
LF:44
LH:44
end_of_record
TN:
SF:src/pages/api/wishlists/[wishlistId]/items/[itemId]/purchase.ts
FNF:1
FNH:1
DA:1,68
DA:4,45
DA:5,23
DA:6,20
DA:7,32
DA:8,40
DA:9,57
DA:10,2
LF:8
LH:8
end_of_record
TN:
SF:src/pages/api/wishlists/[wishlistId]/items/index.ts
FNF:4
FNH:4
DA:2,24
DA:3,51
DA:4,35
DA:5,74
DA:6,43
DA:7,76
DA:14,22
DA:15,24
DA:16,37
DA:17,12
DA:20,37
DA:21,55
DA:22,46
DA:23,26
DA:24,21
DA:25,3
DA:28,36
DA:29,21
DA:30,3
DA:33,41
DA:34,9
DA:35,58
DA:37,49
DA:38,55
DA:40,69
DA:41,46
DA:42,6
DA:44,71
DA:46,35
DA:47,67
DA:48,4
DA:50,32
DA:51,61
DA:52,4
DA:54,42
DA:56,17
DA:57,9
DA:58,20
DA:59,13
DA:60,69
DA:61,13
DA:62,15
DA:63,10
DA:66,19
DA:67,70
DA:68,15
DA:70,12
DA:71,7
DA:72,20
DA:73,18
DA:74,21
DA:75,14
DA:76,15
DA:77,26
DA:78,42
DA:79,5
DA:80,3
DA:81,3
DA:82,2
DA:83,19
DA:84,36
DA:85,43
DA:86,57
DA:87,4
DA:92,45
DA:93,9
DA:94,58
DA:96,49
DA:97,55
DA:100,53
DA:101,27
DA:102,14
DA:103,7
DA:105,19
DA:106,22
DA:107,46
DA:108,12
DA:109,10
DA:111,12
DA:112,7
DA:113,20
DA:114,58
DA:115,17
DA:116,3
DA:117,3
DA:118,2
DA:119,19
DA:120,36
DA:121,42
DA:122,61
DA:123,3
LF:91
LH:91
end_of_record
TN:
SF:src/pages/api/wishlists/index.ts
FNF:4
FNH:4
DA:2,24
DA:3,35
DA:4,81
DA:5,46
DA:6,43
DA:7,59
DA:10,37
DA:11,55
DA:12,44
DA:13,3
DA:16,33
DA:17,9
DA:19,66
DA:20,62
DA:23,25
DA:24,14
DA:25,23
DA:26,27
DA:27,41
DA:28,37
DA:29,37
DA:30,38
DA:31,3
DA:32,16
DA:33,68
DA:34,22
DA:35,35
DA:36,13
DA:37,15
DA:38,10
DA:41,65
DA:42,23
DA:43,16
DA:44,29
DA:45,33
DA:46,41
DA:47,31
DA:48,32
DA:49,3
DA:50,20
DA:51,49
DA:52,39
DA:53,9
DA:54,12
DA:56,19
DA:57,17
DA:58,17
DA:59,1
DA:60,6
DA:63,76
DA:64,47
DA:67,12
DA:68,7
DA:69,20
DA:70,31
DA:71,21
DA:72,14
DA:73,15
DA:74,26
DA:75,42
DA:76,5
DA:77,3
DA:78,3
DA:79,2
DA:80,19
DA:81,36
DA:82,38
DA:83,49
DA:84,4
DA:89,37
DA:90,9
DA:92,38
DA:93,49
DA:96,23
DA:97,18
DA:98,17
DA:99,16
DA:100,23
DA:101,3
DA:102,12
DA:103,10
DA:105,31
DA:106,18
DA:107,19
DA:108,19
DA:109,6
DA:112,12
DA:113,7
DA:114,20
DA:115,50
DA:116,22
DA:117,3
DA:118,3
DA:119,2
DA:120,19
DA:121,36
DA:122,37
DA:123,52
DA:124,3
LF:99
LH:99
end_of_record
TN:
SF:tests/support/db.ts
FNF:3
FNH:3
DA:1,35
DA:2,65
DA:5,11
DA:8,33
DA:9,29
DA:12,6
DA:13,16
DA:14,3
DA:15,10
DA:16,18
DA:17,44
DA:18,12
DA:19,6
DA:22,6
DA:23,12
DA:24,16
DA:25,3
DA:26,10
DA:27,22
DA:28,12
DA:29,15
DA:30,24
DA:31,44
DA:32,11
DA:33,3
DA:34,12
DA:35,6
DA:39,66
LF:28
LH:28
end_of_record
TN:
SF:tests/support/dom.ts
FNF:1
FNH:1
DA:1,66
DA:8,27
DA:9,30
LF:3
LH:3
end_of_record
TN:
SF:tests/support/intl.ts
FNF:1
FNH:1
DA:7,16
DA:8,50
LF:2
LH:2
end_of_record
TN:
SF:tests/support/route.ts
FNF:3
FNH:3
DA:7,6
DA:8,7
DA:9,10
DA:13,4
DA:14,3
DA:15,67
DA:17,38
DA:18,19
DA:19,55
DA:20,55
DA:21,5
DA:23,23
DA:24,11
DA:25,11
DA:26,12
DA:29,19
DA:30,2
DA:31,2
DA:35,18
DA:36,12
DA:37,28
DA:38,54
DA:39,29
DA:40,1
LF:24
LH:24
end_of_record
TN:
SF:tests/support/setup.ts
FNF:1
FNH:1
DA:11,38
DA:13,45
DA:14,68
DA:17,43
DA:18,0
DA:19,0
DA:20,0
DA:21,1
DA:23,47
DA:28,9
LF:10
LH:7
end_of_record
TN:
SF:tests/support/vue-plugin.ts
FNF:2
FNH:2
DA:1,31
DA:2,39
DA:3,41
DA:4,73
DA:15,9
DA:16,17
DA:17,13
DA:18,55
DA:19,48
DA:20,77
DA:21,63
DA:23,57
DA:24,81
DA:25,51
DA:26,0
DA:29,0
DA:30,0
DA:31,0
DA:32,0
DA:33,0
DA:35,0
DA:36,0
DA:37,0
DA:38,0
DA:39,5
DA:41,2
LF:26
LH:16
end_of_record
